=====================================================================
== E:\ExtremoServer\arma3server_x64.exe
== arma3server_x64.exe  "-port=2302" "-config=E:\ExtremoServer\@server\server_configs\A3_DedicatedServer.cfg" "-cfg=E:\ExtremoServer\@server\server_configs\A3_Performance.cfg" "-profiles=E:\ExtremoServer\@server\server_configs\ServerData" "-name=Administrator" "-servermod=@server" "-bepath=E:\ExtremoServer\@server\battleye" "-enableHT" "-hugepages" "-bandwidthAlg=2" "-autoinit"

Original output filename: Arma3Retail_Server_x64
Exe timestamp: 2021/06/07 13:57:57
Current time:  2021/08/28 21:01:06

Type: Public
Build: Stable
Version: 2.04.147719

Allocator: E:\ExtremoServer\Dll\tbb4malloc_bi_x64.dll [2017.0.0.0] [2017.0.0.0]
PhysMem: 32 GiB, VirtMem : 131072 GiB, AvailPhys : 18 GiB, AvailVirt : 131068 GiB, AvailPage : 14 GiB, PageSize : 4.0 KiB/2.0 MiB/HasLockMemory
=====================================================================

21:01:06 Detected number of DLCs: 19
21:01:06 ---------------------------------------------------------- Game ----------------------------------------------------------
21:01:06                                                                name      appId   owned  installed  available   isDlc
21:01:06                                                              Arma 3     107410     yes        yes        yes      no
21:01:06                                                             Unknown         -1      no         no         no     yes
21:01:06 ---------------------------------------------------------- Dlcs ----------------------------------------------------------
21:01:06  index                                                         name      appId   owned  installed  available   isDlc
21:01:06      0                                                  Arma 3 Maps     249861      no         no         no     yes
21:01:06      1                                        Arma 3 Tactical Guide     249862      no         no         no     yes
21:01:06      2                                                  Arma 3 Zeus     275700     yes        yes        yes     yes
21:01:06      3                                                 Arma 3 Karts     288520     yes        yes        yes     yes
21:01:06      4                                           Arma 3 Helicopters     304380     yes        yes        yes     yes
21:01:06      5                                          Arma 3 DLC Bundle 1     304400      no         no         no     yes
21:01:06      6                                              Arma 3 Marksmen     332350     yes        yes        yes     yes
21:01:06      7                                                  Arma 3 Apex     395180     yes        yes        yes     yes
21:01:06      8                                           Arma 3 Laws of War     571710     yes        yes        yes     yes
21:01:06      9                                                  Arma 3 Jets     601670     yes        yes        yes     yes
21:01:06     10                                          Arma 3 DLC Bundle 2     612480      no         no         no     yes
21:01:06     11                                                Arma 3 Malden     639600     yes        yes        yes     yes
21:01:06     12                                  Arma 3 Tac-Ops Mission Pack     744950     yes        yes        yes     yes
21:01:06     13                                                 Arma 3 Tanks     798390     yes        yes        yes     yes
21:01:06     14                                               Arma 3 Contact    1021790     yes         no        yes     yes
21:01:06     15   Arma 3 Creator DLC: Global Mobilization - Cold War Germany    1042220     yes         no        yes     yes
21:01:06     16                      Arma 3 Creator DLC: S.O.G. Prairie Fire    1227700     yes         no        yes     yes
21:01:06     17                        Arma 3 Creator DLC: CSLA Iron Curtain    1294440     yes         no        yes     yes
21:01:06     18                                            Arma 3 Art of War    1325500     yes        yes        yes     yes
21:01:06 --------------------------------------------------------------------------------------------------------------------------
21:01:06 Initializing stats manager.
21:01:06 Stats config disabled.
21:01:06 sessionID: 9e44cd6f1f58703c25271d0969334cb3f8f51370
21:01:11 Updating base class RscShortcutButton->RscButton, by a3\editor_f\config.bin/RscDisplayEditObject/Controls/B_OK/ (original bin\config.bin)
21:01:11 Updating base class RscSliderH->RscXSliderH, by a3\editor_f\config.bin/RscDisplayEditObject/Slider/ (original bin\config.bin)
21:01:11 Updating base class RscText->RscPicture, by a3\editor_f\config.bin/RscDisplayEditObject/Preview/ (original bin\config.bin)
21:01:11 Updating base class RscShortcutButton->RscButton, by a3\editor_f\config.bin/RscDisplayMissionLoad/Controls/B_OK/ (original bin\config.bin)
21:01:11 Updating base class RscShortcutButton->RscButton, by a3\editor_f\config.bin/RscDisplayMissionSave/Controls/B_OK/ (original bin\config.bin)
21:01:11 Updating base class ->RscControlsGroup, by a3\ui_f\config.bin/RscControlsGroupNoScrollbars/ (original a3\ui_f\config.bin)
21:01:11 Updating base class ->RscControlsGroup, by a3\ui_f\config.bin/RscControlsGroupNoHScrollbars/ (original a3\ui_f\config.bin)
21:01:11 Updating base class ->RscControlsGroup, by a3\ui_f\config.bin/RscControlsGroupNoVScrollbars/ (original a3\ui_f\config.bin)
21:01:11 Updating base class ->RscText, by a3\ui_f\config.bin/RscLine/ (original a3\ui_f\config.bin)
21:01:11 Updating base class ->RscActiveText, by a3\ui_f\config.bin/RscActivePicture/ (original a3\ui_f\config.bin)
21:01:11 Updating base class ->RscButton, by a3\ui_f\config.bin/RscButtonTextOnly/ (original a3\ui_f\config.bin)
21:01:11 Updating base class ->RscShortcutButton, by a3\ui_f\config.bin/RscShortcutButtonMain/ (original a3\ui_f\config.bin)
21:01:11 Updating base class ->RscShortcutButton, by a3\ui_f\config.bin/RscButtonEditor/ (original a3\ui_f\config.bin)
21:01:11 Updating base class ->RscShortcutButton, by a3\ui_f\config.bin/RscIGUIShortcutButton/ (original a3\ui_f\config.bin)
21:01:11 Updating base class ->RscShortcutButton, by a3\ui_f\config.bin/RscGearShortcutButton/ (original a3\ui_f\config.bin)
21:01:11 Updating base class ->RscShortcutButton, by a3\ui_f\config.bin/RscButtonMenu/ (original a3\ui_f\config.bin)
21:01:11 Updating base class ->RscButtonMenu, by a3\ui_f\config.bin/RscButtonMenuOK/ (original a3\ui_f\config.bin)
21:01:11 Updating base class ->RscButtonMenu, by a3\ui_f\config.bin/RscButtonMenuCancel/ (original a3\ui_f\config.bin)
21:01:11 Updating base class ->RscButtonMenu, by a3\ui_f\config.bin/RscButtonMenuSteam/ (original a3\ui_f\config.bin)
21:01:11 Updating base class ->RscText, by a3\ui_f\config.bin/RscLoadingText/ (original a3\ui_f\config.bin)
21:01:11 Updating base class ->RscListBox, by a3\ui_f\config.bin/RscIGUIListBox/ (original a3\ui_f\config.bin)
21:01:11 Updating base class ->RscListNBox, by a3\ui_f\config.bin/RscIGUIListNBox/ (original a3\ui_f\config.bin)
21:01:11 Updating base class ->RscText, by a3\ui_f\config.bin/RscBackground/ (original a3\ui_f\config.bin)
21:01:11 Updating base class ->RscText, by a3\ui_f\config.bin/RscBackgroundGUI/ (original a3\ui_f\config.bin)
21:01:11 Updating base class ->RscPicture, by a3\ui_f\config.bin/RscBackgroundGUILeft/ (original a3\ui_f\config.bin)
21:01:11 Updating base class ->RscPicture, by a3\ui_f\config.bin/RscBackgroundGUIRight/ (original a3\ui_f\config.bin)
21:01:11 Updating base class ->RscPicture, by a3\ui_f\config.bin/RscBackgroundGUIBottom/ (original a3\ui_f\config.bin)
21:01:11 Updating base class ->RscText, by a3\ui_f\config.bin/RscBackgroundGUITop/ (original a3\ui_f\config.bin)
21:01:11 Updating base class ->RscText, by a3\ui_f\config.bin/RscBackgroundGUIDark/ (original a3\ui_f\config.bin)
21:01:11 Updating base class ->RscPictureKeepAspect, by a3\ui_f\config.bin/RscBackgroundLogo/ (original a3\ui_f\config.bin)
21:01:11 Updating base class ->RscMapControl, by a3\ui_f\config.bin/RscMapControlEmpty/ (original a3\ui_f\config.bin)
21:01:11 Updating base class ->RscPicture, by a3\ui_f\config.bin/CA_Mainback/ (original a3\ui_f\config.bin)
21:01:11 Updating base class ->CA_Mainback, by a3\ui_f\config.bin/CA_Back/ (original a3\ui_f\config.bin)
21:01:11 Updating base class ->CA_Mainback, by a3\ui_f\config.bin/CA_Title_Back/ (original a3\ui_f\config.bin)
21:01:11 Updating base class ->CA_Mainback, by a3\ui_f\config.bin/CA_Black_Back/ (original a3\ui_f\config.bin)
21:01:11 Updating base class ->RscTitle, by a3\ui_f\config.bin/CA_Title/ (original a3\ui_f\config.bin)
21:01:11 Updating base class ->RscPictureKeepAspect, by a3\ui_f\config.bin/CA_Logo/ (original a3\ui_f\config.bin)
21:01:11 Updating base class ->CA_Logo, by a3\ui_f\config.bin/CA_Logo_Small/ (original a3\ui_f\config.bin)
21:01:11 Updating base class ->RscButton, by a3\ui_f\config.bin/CA_RscButton/ (original a3\ui_f\config.bin)
21:01:11 Updating base class ->CA_RscButton, by a3\ui_f\config.bin/CA_RscButton_dialog/ (original a3\ui_f\config.bin)
21:01:11 Updating base class ->RscActiveText, by a3\ui_f\config.bin/CA_Ok/ (original a3\ui_f\config.bin)
21:01:11 Updating base class ->RscText, by a3\ui_f\config.bin/CA_Ok_image/ (original a3\ui_f\config.bin)
21:01:11 Updating base class ->RscText, by a3\ui_f\config.bin/CA_Ok_image2/ (original a3\ui_f\config.bin)
21:01:11 Updating base class ->RscText, by a3\ui_f\config.bin/CA_Ok_text/ (original a3\ui_f\config.bin)
21:01:11 Updating base class ->RscPicture, by a3\ui_f\config.bin/RscVignette/ (original a3\ui_f\config.bin)
21:01:11 Updating base class ->RscControlsGroupNoScrollbars, by a3\ui_f\config.bin/RscMapControlTooltip/ (original a3\ui_f\config.bin)
21:01:11 Updating base class RscUnitInfo->RscUnitInfoAirNoWeapon, by a3\ui_f\config.bin/RscInGameUI/RscUnitInfoAir/ (original a3\ui_f\config.bin)
21:01:11 Updating base class RscControlsGroup->RscControlsGroupNoScrollbars, by a3\ui_f\config.bin/RscInGameUI/RscTaskOverview/controls/TaskOverviewAssigned/ (original bin\config.bin)
21:01:11 Updating base class RscShortcutButton->RscButtonMenu, by a3\ui_f\config.bin/RscDisplayDebug/Controls/B_OK/ (original bin\config.bin)
21:01:11 Updating base class RscShortcutButton->RscButtonMenu, by a3\ui_f\config.bin/RscDisplayDebug/Controls/B_Cancel/ (original bin\config.bin)
21:01:11 Updating base class RscShortcutButton->RscButtonMenu, by a3\ui_f\config.bin/RscDisplayDebug/Controls/B_Clear/ (original bin\config.bin)
21:01:11 Updating base class ->RscText, by a3\ui_f\config.bin/RscDisplayCapture/controls/TimeLines/ (original bin\config.bin)
21:01:11 Updating base class RscShortcutButton->RscButtonMenu, by a3\ui_f\config.bin/RscDisplayCapture/controls/ButtonAverages/ (original bin\config.bin)
21:01:11 Updating base class RscShortcutButton->RscButtonMenu, by a3\ui_f\config.bin/RscDisplayCapture/controls/ButtonSavePreviousData/ (original bin\config.bin)
21:01:11 Updating base class RscShortcutButton->RscButtonMenu, by a3\ui_f\config.bin/RscDisplayCapture/controls/ButtonPreviousData/ (original bin\config.bin)
21:01:11 Updating base class RscPicture->RscPictureKeepAspect, by a3\ui_f\config.bin/RscDisplayMain/IconPicture/ (original bin\config.bin)
21:01:11 Updating base class IconPicture->RscPictureKeepAspect, by a3\ui_f\config.bin/RscDisplayMain/DlcOwnedIconPicture/ (original a3\ui_f\config.bin)
21:01:11 Updating base class IconPicture->RscPictureKeepAspect, by a3\ui_f\config.bin/RscDisplayMain/DlcIconPicture/ (original a3\ui_f\config.bin)
21:01:11 Updating base class RscControlsGroup->RscControlsGroupNoScrollbars, by a3\ui_f\config.bin/RscDisplayCampaignLoad/controls/OverviewGroup/ (original bin\config.bin)
21:01:11 Updating base class RscButton->RscButtonSearch, by a3\ui_f\config.bin/RscDisplayCampaignLoad/controls/SearchButton/ (original bin\config.bin)
21:01:11 Updating base class RscShortcutButton->RscButtonMenuCancel, by a3\ui_f\config.bin/RscDisplayCampaignLoad/controls/ButtonCancel/ (original bin\config.bin)
21:01:11 Updating base class RscShortcutButton->RscButtonMenu, by a3\ui_f\config.bin/RscDisplayCampaignLoad/controls/ButtonGameOptions/ (original bin\config.bin)
21:01:11 Updating base class RscShortcutButton->RscButtonMenuSteam, by a3\ui_f\config.bin/RscDisplayCampaignLoad/controls/ButtonBuyDLC/ (original bin\config.bin)
21:01:11 Updating base class RscShortcutButton->RscButtonMenu, by a3\ui_f\config.bin/RscDisplayCampaignLoad/controls/ButtonRevert/ (original bin\config.bin)
21:01:11 Updating base class RscShortcutButton->RscButtonMenuOK, by a3\ui_f\config.bin/RscDisplayCampaignLoad/controls/ButtonOK/ (original bin\config.bin)
21:01:11 Updating base class RscListBox->RscCombo, by a3\ui_f\config.bin/RscDisplayCustomizeController/Steepness/ (original bin\config.bin)
21:01:11 Updating base class ->RscStandardDisplay, by a3\ui_f\config.bin/RscDisplayControlSchemes/ (original bin\config.bin)
21:01:11 Updating base class ButtonOK->RscButtonMenuCancel, by a3\ui_f\config.bin/RscDisplayControlSchemes/controls/ButtonCancel/ (original bin\config.bin)
21:01:11 Updating base class RscButton->RscButtonMenuOK, by a3\ui_f\config.bin/RscDisplayControlSchemes/controls/ButtonOK/ (original bin\config.bin)
21:01:11 Updating base class RscPicture->RscPictureKeepAspect, by a3\ui_f\config.bin/RscDisplayFileSelectImage/controls/OverviewPicture/ (original bin\config.bin)
21:01:11 Updating base class RscShortcutButton->RscButtonMenuCancel, by a3\ui_f\config.bin/RscDisplayFieldManual/Controls/ButtonCancel/ (original bin\config.bin)
21:01:11 Cannot delete class B_KickOff, it is referenced somewhere (used as a base class probably).
21:01:11 Updating base class RscButton->RscButtonMenuCancel, by a3\ui_f\config.bin/RscDisplayPublishMission/controls/ButtonCancel/ (original bin\config.bin)
21:01:11 Updating base class RscShortcutButton->RscButtonMenuOK, by a3\ui_f\config.bin/RscDisplayPublishMissionSelectTags/controls/ButtonOK/ (original bin\config.bin)
21:01:11 Updating base class ButtonOK->RscButtonMenuCancel, by a3\ui_f\config.bin/RscDisplayPublishMissionSelectTags/controls/ButtonCancel/ (original bin\config.bin)
21:01:11 Updating base class ->RscSubmenu, by a3\ui_f\config.bin/RscMainMenu/ (original bin\config.bin)
21:01:11 Updating base class ->DistanceClose, by a3\ui_f\config.bin/CfgSimpleTasks/Icon3D/DistanceMid/ (original bin\config.bin)
21:01:11 Updating base class ->DistanceClose, by a3\ui_f\config.bin/CfgSimpleTasks/Icon3D/DistanceLong/ (original bin\config.bin)
21:01:11 Updating base class ->ctrlDefaultText, by a3\3den\config.bin/ctrlStatic/ (original a3\3den\config.bin)
21:01:11 Updating base class ->ctrlActiveText, by a3\3den\config.bin/ctrlActivePicture/ (original a3\3den\config.bin)
21:01:11 Updating base class ->ctrlDefaultText, by a3\3den\config.bin/ctrlStructuredText/ (original a3\3den\config.bin)
21:01:11 Updating base class ->ctrlControlsGroup, by a3\3den\config.bin/ctrlControlsGroupNoScrollbars/ (original a3\3den\config.bin)
21:01:11 Updating base class ->ctrlDefault, by a3\3den\config.bin/ctrlCheckbox/ (original a3\3den\config.bin)
21:01:11 Updating base class ->ctrlCheckbox, by a3\3den\config.bin/ctrlCheckboxBaseline/ (original a3\3den\config.bin)
21:01:11 Updating base class RscText->ctrlStaticBackgroundDisable, by a3\3den\config.bin/RscDisplayOptionsAudio/ControlsBackground/BackgroundDisable/ (original a3\3den\config.bin)
21:01:11 Updating base class RscText->ctrlStaticBackgroundDisableTiles, by a3\3den\config.bin/RscDisplayOptionsAudio/ControlsBackground/BackgroundDisableTiles/ (original a3\3den\config.bin)
21:01:11 Updating base class RscText->ctrlStaticBackgroundDisable, by a3\3den\config.bin/RscDisplayConfigure/ControlsBackground/BackgroundDisable/ (original a3\3den\config.bin)
21:01:11 Updating base class RscText->ctrlStaticBackgroundDisableTiles, by a3\3den\config.bin/RscDisplayConfigure/ControlsBackground/BackgroundDisableTiles/ (original a3\3den\config.bin)
21:01:11 Updating base class RscText->ctrlStaticBackgroundDisable, by a3\3den\config.bin/RscDisplayConfigureAction/ControlsBackground/BackgroundDisable/ (original a3\3den\config.bin)
21:01:11 Updating base class RscText->ctrlStaticBackgroundDisableTiles, by a3\3den\config.bin/RscDisplayConfigureAction/ControlsBackground/BackgroundDisableTiles/ (original a3\3den\config.bin)
21:01:11 Updating base class RscText->ctrlStaticBackgroundDisable, by a3\3den\config.bin/RscDisplayConfigureControllers/ControlsBackground/BackgroundDisable/ (original a3\3den\config.bin)
21:01:11 Updating base class RscText->ctrlStaticBackgroundDisableTiles, by a3\3den\config.bin/RscDisplayConfigureControllers/ControlsBackground/BackgroundDisableTiles/ (original a3\3den\config.bin)
21:01:11 Updating base class RscText->ctrlStaticBackgroundDisable, by a3\3den\config.bin/RscDisplayGameOptions/ControlsBackground/BackgroundDisable/ (original a3\3den\config.bin)
21:01:11 Updating base class RscText->ctrlStaticBackgroundDisableTiles, by a3\3den\config.bin/RscDisplayGameOptions/ControlsBackground/BackgroundDisableTiles/ (original a3\3den\config.bin)
21:01:11 Updating base class controls->, by a3\3den\config.bin/RscDisplayArcadeMap_Layout_2/Controls/ (original a3\ui_f\config.bin)
21:01:11 Updating base class controls->, by a3\3den\config.bin/RscDisplayArcadeMap_Layout_6/Controls/ (original a3\ui_f\config.bin)
21:01:11 Updating base class ->ctrlControlsGroupNoScrollbars, by a3\3den\config.bin/Cfg3DEN/Attributes/Default/ (original a3\3den\config.bin)
21:01:11 Updating base class ->ctrlStatic, by a3\3den\config.bin/Cfg3DEN/Attributes/Title/Controls/Title/ (original a3\3den\config.bin)
21:01:11 Updating base class ->ctrlToolbox, by a3\3den\config.bin/Cfg3DEN/Attributes/Toolbox/Controls/Value/ (original a3\3den\config.bin)
21:01:12 Initializing Steam Manager
21:01:12 Starting initial content check.
21:01:12 Steam Manager initialized.
21:01:12 
21:01:12 ==== Loaded addons ====
21:01:12 
21:01:12 dta\bin.pbo - 147719
21:01:12 dta\core.pbo - 129618
21:01:12 dta\languagecore_f.pbo - 149991
21:01:12 E:\ExtremoServer\aow\addons\anims_f_aow.ebo - 149768
21:01:12 E:\ExtremoServer\aow\addons\characters_f_aow.ebo - 149965
21:01:12 E:\ExtremoServer\aow\addons\data_f_aow.ebo - 149928
21:01:12 E:\ExtremoServer\aow\addons\dubbing_f_aow.ebo - 149901
21:01:12 E:\ExtremoServer\aow\addons\editorpreviews_f_aow.ebo - 149909
21:01:12 E:\ExtremoServer\aow\addons\functions_f_aow.ebo - 149593
21:01:12 E:\ExtremoServer\aow\addons\languagemissions_f_aow.ebo - 149991
21:01:12 E:\ExtremoServer\aow\addons\language_f_aow.ebo - 149991
21:01:12 E:\ExtremoServer\aow\addons\missions_f_aow.ebo - 149922
21:01:12 E:\ExtremoServer\aow\addons\missions_f_aow_data.ebo - 149929
21:01:12 E:\ExtremoServer\aow\addons\missions_f_aow_video.ebo - 149837
21:01:12 E:\ExtremoServer\aow\addons\props_f_aow.ebo - 149965
21:01:12 E:\ExtremoServer\aow\addons\sounds_f_aow.ebo - 149668
21:01:12 E:\ExtremoServer\aow\addons\structures_f_aow.ebo - 149883
21:01:12 E:\ExtremoServer\aow\addons\supplies_f_aow.ebo - 149874
21:01:12 E:\ExtremoServer\aow\addons\ui_f_aow.ebo - 149917
21:01:12 E:\ExtremoServer\enoch\addons\air_f_enoch.ebo - 145904
21:01:12 E:\ExtremoServer\enoch\addons\anims_f_enoch.ebo - 149965
21:01:12 E:\ExtremoServer\enoch\addons\armor_f_enoch.ebo - 145904
21:01:12 E:\ExtremoServer\enoch\addons\cargoposes_f_enoch.ebo - 142478
21:01:12 E:\ExtremoServer\enoch\addons\characters_f_enoch.ebo - 149965
21:01:12 E:\ExtremoServer\enoch\addons\data_f_enoch.ebo - 147098
21:01:12 E:\ExtremoServer\enoch\addons\dubbing_radio_f_enoch.ebo - 146854
21:01:12 E:\ExtremoServer\enoch\addons\dubbing_radio_f_enoch_data.ebo - 147175
21:01:12 E:\ExtremoServer\enoch\addons\editorpreviews_f_enoch.ebo - 145440
21:01:12 E:\ExtremoServer\enoch\addons\functions_f_enoch.ebo - 148356
21:01:12 E:\ExtremoServer\enoch\addons\languagemissions_f_enoch.ebo - 149991
21:01:12 E:\ExtremoServer\enoch\addons\language_f_enoch.ebo - 149991
21:01:12 E:\ExtremoServer\enoch\addons\map_enoch.ebo - 148551
21:01:12 E:\ExtremoServer\enoch\addons\map_enoch_data.ebo - 145274
21:01:12 E:\ExtremoServer\enoch\addons\map_enoch_data_layers.ebo - 146184
21:01:12 E:\ExtremoServer\enoch\addons\map_enoch_scenes_f.ebo - 143336
21:01:12 E:\ExtremoServer\enoch\addons\missions_f_enoch.ebo - 149487
21:01:12 E:\ExtremoServer\enoch\addons\music_f_enoch.ebo - 147472
21:01:12 E:\ExtremoServer\enoch\addons\music_f_enoch_music.ebo - 147127
21:01:12 E:\ExtremoServer\enoch\addons\props_f_enoch.pbo - 148738
21:01:12 E:\ExtremoServer\enoch\addons\rocks_f_enoch.pbo - 148432
21:01:12 E:\ExtremoServer\enoch\addons\soft_f_enoch.ebo - 149339
21:01:12 E:\ExtremoServer\enoch\addons\sounds_f_enoch.ebo - 148786
21:01:12 E:\ExtremoServer\enoch\addons\static_f_enoch.ebo - 145904
21:01:12 E:\ExtremoServer\enoch\addons\structures_f_enoch.pbo - 148551
21:01:12 E:\ExtremoServer\enoch\addons\structures_f_enoch_civilian.pbo - 148739
21:01:12 E:\ExtremoServer\enoch\addons\structures_f_enoch_commercial.pbo - 148419
21:01:12 E:\ExtremoServer\enoch\addons\structures_f_enoch_cultural.pbo - 148739
21:01:12 E:\ExtremoServer\enoch\addons\structures_f_enoch_data.pbo - 148419
21:01:12 E:\ExtremoServer\enoch\addons\structures_f_enoch_furniture.pbo - 148419
21:01:12 E:\ExtremoServer\enoch\addons\structures_f_enoch_industrial.pbo - 148804
21:01:12 E:\ExtremoServer\enoch\addons\structures_f_enoch_infrastructure.pbo - 148551
21:01:12 E:\ExtremoServer\enoch\addons\structures_f_enoch_military.pbo - 149965
21:01:12 E:\ExtremoServer\enoch\addons\supplies_f_enoch.ebo - 146762
21:01:12 E:\ExtremoServer\enoch\addons\ui_f_enoch.ebo - 147095
21:01:12 E:\ExtremoServer\enoch\addons\vegetation_f_enoch.pbo - 148432
21:01:12 E:\ExtremoServer\enoch\addons\weapons_f_enoch.ebo - 149930
21:01:12 E:\ExtremoServer\tank\addons\armor_f_tank.pbo - 149457
21:01:12 E:\ExtremoServer\tank\addons\cargoposes_f_tank.pbo - 128283
21:01:12 E:\ExtremoServer\tank\addons\characters_f_tank.pbo - 148392
21:01:12 E:\ExtremoServer\tank\addons\data_f_tank.pbo - 128203
21:01:12 E:\ExtremoServer\tank\addons\dubbing_f_tank.pbo - 127958
21:01:12 E:\ExtremoServer\tank\addons\editorpreviews_f_tank.pbo - 137875
21:01:12 E:\ExtremoServer\tank\addons\functions_f_tank.pbo - 125996
21:01:12 E:\ExtremoServer\tank\addons\languagemissions_f_tank.pbo - 149991
21:01:12 E:\ExtremoServer\tank\addons\language_f_tank.pbo - 149991
21:01:12 E:\ExtremoServer\tank\addons\missions_f_tank.pbo - 149965
21:01:12 E:\ExtremoServer\tank\addons\missions_f_tank_data.pbo - 128937
21:01:12 E:\ExtremoServer\tank\addons\modules_f_tank.pbo - 147857
21:01:12 E:\ExtremoServer\tank\addons\music_f_tank.pbo - 127912
21:01:12 E:\ExtremoServer\tank\addons\props_f_tank.pbo - 131702
21:01:12 E:\ExtremoServer\tank\addons\sounds_f_tank.pbo - 143095
21:01:12 E:\ExtremoServer\tank\addons\structures_f_tank.pbo - 137876
21:01:12 E:\ExtremoServer\tank\addons\ui_f_tank.pbo - 148551
21:01:12 E:\ExtremoServer\tank\addons\weapons_f_tank.pbo - 146892
21:01:12 E:\ExtremoServer\tacops\addons\characters_f_tacops.ebo - 129739
21:01:12 E:\ExtremoServer\tacops\addons\data_f_tacops.ebo - 126731
21:01:12 E:\ExtremoServer\tacops\addons\dubbing_f_tacops.ebo - 129340
21:01:12 E:\ExtremoServer\tacops\addons\functions_f_tacops.ebo - 138026
21:01:12 E:\ExtremoServer\tacops\addons\languagemissions_f_tacops.ebo - 149991
21:01:12 E:\ExtremoServer\tacops\addons\language_f_tacops.ebo - 149991
21:01:12 E:\ExtremoServer\tacops\addons\missions_f_tacops.ebo - 144976
21:01:12 E:\ExtremoServer\tacops\addons\modules_f_tacops.ebo - 149359
21:01:12 E:\ExtremoServer\tacops\addons\music_f_tacops.ebo - 124064
21:01:12 E:\ExtremoServer\tacops\addons\sounds_f_tacops.ebo - 123795
21:01:12 E:\ExtremoServer\tacops\addons\ui_f_tacops.ebo - 148551
21:01:12 E:\ExtremoServer\orange\addons\air_f_orange.pbo - 146744
21:01:12 E:\ExtremoServer\orange\addons\cargoposes_f_orange.pbo - 126225
21:01:12 E:\ExtremoServer\orange\addons\characters_f_orange.pbo - 148442
21:01:12 E:\ExtremoServer\orange\addons\data_f_orange.pbo - 144284
21:01:12 E:\ExtremoServer\orange\addons\dubbing_f_orange.pbo - 121689
21:01:12 E:\ExtremoServer\orange\addons\editorpreviews_f_orange.pbo - 123173
21:01:12 E:\ExtremoServer\orange\addons\functions_f_orange.pbo - 149339
21:01:12 E:\ExtremoServer\orange\addons\languagemissions_f_orange.pbo - 149991
21:01:12 E:\ExtremoServer\orange\addons\language_f_orange.pbo - 149991
21:01:12 E:\ExtremoServer\orange\addons\missions_f_orange.pbo - 149975
21:01:12 E:\ExtremoServer\orange\addons\modules_f_orange.pbo - 143632
21:01:12 E:\ExtremoServer\orange\addons\music_f_orange.pbo - 120725
21:01:12 E:\ExtremoServer\orange\addons\props_f_orange.pbo - 148864
21:01:12 E:\ExtremoServer\orange\addons\soft_f_orange.pbo - 147662
21:01:12 E:\ExtremoServer\orange\addons\sounds_f_orange.pbo - 145695
21:01:12 E:\ExtremoServer\orange\addons\structures_f_orange.pbo - 147636
21:01:12 E:\ExtremoServer\orange\addons\supplies_f_orange.pbo - 129371
21:01:12 E:\ExtremoServer\orange\addons\ui_f_orange.pbo - 149706
21:01:12 E:\ExtremoServer\orange\addons\weapons_f_orange.pbo - 149274
21:01:12 E:\ExtremoServer\argo\addons\armor_f_argo.pbo - 129739
21:01:12 E:\ExtremoServer\argo\addons\characters_f_patrol.pbo - 149127
21:01:12 E:\ExtremoServer\argo\addons\data_f_argo.pbo - 128209
21:01:12 E:\ExtremoServer\argo\addons\data_f_patrol.pbo - 141307
21:01:12 E:\ExtremoServer\argo\addons\editorpreviews_f_argo.pbo - 142758
21:01:12 E:\ExtremoServer\argo\addons\functions_f_patrol.pbo - 141510
21:01:12 E:\ExtremoServer\argo\addons\languagemissions_f_patrol.pbo - 149991
21:01:12 E:\ExtremoServer\argo\addons\language_f_argo.pbo - 149991
21:01:12 E:\ExtremoServer\argo\addons\language_f_patrol.pbo - 149991
21:01:12 E:\ExtremoServer\argo\addons\map_malden.pbo - 148936
21:01:12 E:\ExtremoServer\argo\addons\map_malden_data.pbo - 135888
21:01:12 E:\ExtremoServer\argo\addons\map_malden_data_layers.pbo - 135888
21:01:12 E:\ExtremoServer\argo\addons\map_malden_scenes_f.pbo - 120026
21:01:12 E:\ExtremoServer\argo\addons\missions_f_patrol.pbo - 126663
21:01:12 E:\ExtremoServer\argo\addons\modules_f_patrol.pbo - 119459
21:01:12 E:\ExtremoServer\argo\addons\music_f_argo.pbo - 119459
21:01:12 E:\ExtremoServer\argo\addons\props_f_argo.pbo - 129371
21:01:12 E:\ExtremoServer\argo\addons\rocks_f_argo.pbo - 148432
21:01:12 E:\ExtremoServer\argo\addons\sounds_f_patrol.pbo - 119477
21:01:12 E:\ExtremoServer\argo\addons\structures_f_argo.pbo - 147656
21:01:12 E:\ExtremoServer\argo\addons\ui_f_patrol.pbo - 141307
21:01:12 E:\ExtremoServer\argo\addons\vegetation_f_argo.pbo - 148432
21:01:12 E:\ExtremoServer\argo\addons\weapons_f_patrol.pbo - 141307
21:01:12 E:\ExtremoServer\jets\addons\air_f_jets.pbo - 146744
21:01:12 E:\ExtremoServer\jets\addons\anims_f_jets.pbo - 123210
21:01:12 E:\ExtremoServer\jets\addons\boat_f_destroyer.pbo - 143297
21:01:12 E:\ExtremoServer\jets\addons\boat_f_jets.pbo - 139711
21:01:12 E:\ExtremoServer\jets\addons\cargoposes_f_jets.pbo - 126225
21:01:12 E:\ExtremoServer\jets\addons\characters_f_jets.pbo - 129739
21:01:12 E:\ExtremoServer\jets\addons\data_f_destroyer.pbo - 132156
21:01:12 E:\ExtremoServer\jets\addons\data_f_jets.pbo - 146856
21:01:12 E:\ExtremoServer\jets\addons\data_f_sams.pbo - 132140
21:01:12 E:\ExtremoServer\jets\addons\dubbing_f_jets.pbo - 119457
21:01:12 E:\ExtremoServer\jets\addons\editorpreviews_f_destroyer.pbo - 132141
21:01:12 E:\ExtremoServer\jets\addons\editorpreviews_f_jets.pbo - 119457
21:01:12 E:\ExtremoServer\jets\addons\editorpreviews_f_sams.pbo - 132141
21:01:12 E:\ExtremoServer\jets\addons\functions_f_destroyer.pbo - 148786
21:01:12 E:\ExtremoServer\jets\addons\functions_f_jets.pbo - 119457
21:01:12 E:\ExtremoServer\jets\addons\languagemissions_f_jets.pbo - 149991
21:01:12 E:\ExtremoServer\jets\addons\language_f_destroyer.pbo - 149991
21:01:12 E:\ExtremoServer\jets\addons\language_f_jets.pbo - 149991
21:01:12 E:\ExtremoServer\jets\addons\language_f_sams.pbo - 149991
21:01:12 E:\ExtremoServer\jets\addons\missions_f_jets.pbo - 130755
21:01:12 E:\ExtremoServer\jets\addons\modules_f_jets.pbo - 119459
21:01:12 E:\ExtremoServer\jets\addons\music_f_jets.pbo - 119459
21:01:12 E:\ExtremoServer\jets\addons\props_f_destroyer.pbo - 132141
21:01:12 E:\ExtremoServer\jets\addons\props_f_jets.pbo - 129371
21:01:12 E:\ExtremoServer\jets\addons\sounds_f_jets.pbo - 141706
21:01:12 E:\ExtremoServer\jets\addons\static_f_destroyer.pbo - 140243
21:01:12 E:\ExtremoServer\jets\addons\static_f_jets.pbo - 146744
21:01:12 E:\ExtremoServer\jets\addons\static_f_sams.pbo - 146744
21:01:12 E:\ExtremoServer\jets\addons\ui_f_jets.pbo - 126137
21:01:12 E:\ExtremoServer\jets\addons\weapons_f_destroyer.pbo - 132268
21:01:12 E:\ExtremoServer\jets\addons\weapons_f_jets.pbo - 131383
21:01:12 E:\ExtremoServer\jets\addons\weapons_f_sams.pbo - 149414
21:01:12 E:\ExtremoServer\expansion\addons\air_f_exp.pbo - 149869
21:01:12 E:\ExtremoServer\expansion\addons\anims_f_exp.pbo - 126506
21:01:12 E:\ExtremoServer\expansion\addons\armor_f_exp.pbo - 141671
21:01:12 E:\ExtremoServer\expansion\addons\boat_f_exp.pbo - 129747
21:01:12 E:\ExtremoServer\expansion\addons\cargoposes_f_exp.pbo - 126224
21:01:12 E:\ExtremoServer\expansion\addons\characters_f_exp.pbo - 149878
21:01:12 E:\ExtremoServer\expansion\addons\characters_f_oldman.pbo - 148698
21:01:12 E:\ExtremoServer\expansion\addons\data_f_exp.pbo - 148936
21:01:12 E:\ExtremoServer\expansion\addons\data_f_oldman.pbo - 148553
21:01:12 E:\ExtremoServer\expansion\addons\dubbing_f_exp.pbo - 119457
21:01:12 E:\ExtremoServer\expansion\addons\dubbing_f_oldman.pbo - 148756
21:01:12 E:\ExtremoServer\expansion\addons\dubbing_radio_f_exp.pbo - 119458
21:01:12 E:\ExtremoServer\expansion\addons\dubbing_radio_f_exp_data_chi.pbo - 119458
21:01:12 E:\ExtremoServer\expansion\addons\dubbing_radio_f_exp_data_engfre.pbo - 119457
21:01:12 E:\ExtremoServer\expansion\addons\dubbing_radio_f_exp_data_fre.pbo - 119457
21:01:12 E:\ExtremoServer\expansion\addons\editorpreviews_f_exp.pbo - 147098
21:01:12 E:\ExtremoServer\expansion\addons\editorpreviews_f_oldman.pbo - 148621
21:01:12 E:\ExtremoServer\expansion\addons\functions_f_exp.pbo - 144006
21:01:12 E:\ExtremoServer\expansion\addons\functions_f_oldman.pbo - 148553
21:01:12 E:\ExtremoServer\expansion\addons\languagemissions_f_exp.pbo - 149991
21:01:12 E:\ExtremoServer\expansion\addons\languagemissions_f_oldman.pbo - 149991
21:01:12 E:\ExtremoServer\expansion\addons\language_f_exp.pbo - 149991
21:01:12 E:\ExtremoServer\expansion\addons\language_f_oldman.pbo - 149991
21:01:12 E:\ExtremoServer\expansion\addons\map_data_exp.pbo - 136265
21:01:12 E:\ExtremoServer\expansion\addons\map_tanoabuka.pbo - 148936
21:01:12 E:\ExtremoServer\expansion\addons\map_tanoabuka_data.pbo - 135884
21:01:12 E:\ExtremoServer\expansion\addons\map_tanoabuka_data_layers.pbo - 121192
21:01:12 E:\ExtremoServer\expansion\addons\map_tanoabuka_data_layers_00_00.pbo - 121192
21:01:12 E:\ExtremoServer\expansion\addons\map_tanoa_scenes_f.pbo - 123527
21:01:12 E:\ExtremoServer\expansion\addons\missions_f_exp.pbo - 144315
21:01:12 E:\ExtremoServer\expansion\addons\missions_f_exp_data.pbo - 119459
21:01:12 E:\ExtremoServer\expansion\addons\missions_f_exp_video.pbo - 119459
21:01:12 E:\ExtremoServer\expansion\addons\missions_f_oldman.pbo - 149848
21:01:12 E:\ExtremoServer\expansion\addons\modules_f_exp.pbo - 119459
21:01:12 E:\ExtremoServer\expansion\addons\modules_f_oldman.pbo - 148553
21:01:12 E:\ExtremoServer\expansion\addons\music_f_exp.pbo - 119477
21:01:12 E:\ExtremoServer\expansion\addons\music_f_exp_music.pbo - 119477
21:01:12 E:\ExtremoServer\expansion\addons\music_f_oldman.pbo - 148553
21:01:12 E:\ExtremoServer\expansion\addons\music_f_oldman_music.pbo - 148679
21:01:12 E:\ExtremoServer\expansion\addons\props_f_exp.pbo - 147637
21:01:12 E:\ExtremoServer\expansion\addons\props_f_oldman.pbo - 148553
21:01:12 E:\ExtremoServer\expansion\addons\rocks_f_exp.pbo - 148432
21:01:12 E:\ExtremoServer\expansion\addons\soft_f_exp.pbo - 149489
21:01:12 E:\ExtremoServer\expansion\addons\soft_f_oldman.pbo - 148580
21:01:12 E:\ExtremoServer\expansion\addons\sounds_f_exp.pbo - 149339
21:01:12 E:\ExtremoServer\expansion\addons\sounds_f_oldman.pbo - 148553
21:01:12 E:\ExtremoServer\expansion\addons\static_f_exp.pbo - 119478
21:01:12 E:\ExtremoServer\expansion\addons\static_f_oldman.pbo - 148580
21:01:12 E:\ExtremoServer\expansion\addons\structures_f_exp.pbo - 148419
21:01:12 E:\ExtremoServer\expansion\addons\structures_f_exp_civilian.pbo - 148739
21:01:12 E:\ExtremoServer\expansion\addons\structures_f_exp_commercial.pbo - 148419
21:01:12 E:\ExtremoServer\expansion\addons\structures_f_exp_cultural.pbo - 148419
21:01:12 E:\ExtremoServer\expansion\addons\structures_f_exp_data.pbo - 148419
21:01:12 E:\ExtremoServer\expansion\addons\structures_f_exp_industrial.pbo - 148419
21:01:12 E:\ExtremoServer\expansion\addons\structures_f_exp_infrastructure.pbo - 148551
21:01:12 E:\ExtremoServer\expansion\addons\structures_f_oldman.pbo - 148738
21:01:12 E:\ExtremoServer\expansion\addons\supplies_f_exp.pbo - 148079
21:01:12 E:\ExtremoServer\expansion\addons\supplies_f_oldman.pbo - 148553
21:01:12 E:\ExtremoServer\expansion\addons\ui_f_exp.pbo - 123398
21:01:12 E:\ExtremoServer\expansion\addons\ui_f_oldman.pbo - 149216
21:01:12 E:\ExtremoServer\expansion\addons\vegetation_f_exp.pbo - 148432
21:01:12 E:\ExtremoServer\expansion\addons\weapons_f_exp.pbo - 149912
21:01:12 E:\ExtremoServer\mark\addons\anims_f_mark.pbo - 119457
21:01:12 E:\ExtremoServer\mark\addons\characters_f_mark.pbo - 148392
21:01:12 E:\ExtremoServer\mark\addons\data_f_mark.pbo - 129371
21:01:12 E:\ExtremoServer\mark\addons\dubbing_f_mark.pbo - 119457
21:01:12 E:\ExtremoServer\mark\addons\dubbing_f_mp_mark.pbo - 119457
21:01:12 E:\ExtremoServer\mark\addons\functions_f_mark.pbo - 149274
21:01:12 E:\ExtremoServer\mark\addons\functions_f_mp_mark.pbo - 129434
21:01:12 E:\ExtremoServer\mark\addons\languagemissions_f_mark.pbo - 149991
21:01:12 E:\ExtremoServer\mark\addons\languagemissions_f_mp_mark.pbo - 149991
21:01:12 E:\ExtremoServer\mark\addons\language_f_mark.pbo - 149991
21:01:12 E:\ExtremoServer\mark\addons\language_f_mp_mark.pbo - 149991
21:01:12 E:\ExtremoServer\mark\addons\missions_f_mark.pbo - 122301
21:01:12 E:\ExtremoServer\mark\addons\missions_f_mark_data.pbo - 119459
21:01:12 E:\ExtremoServer\mark\addons\missions_f_mark_video.pbo - 119459
21:01:12 E:\ExtremoServer\mark\addons\missions_f_mp_mark.pbo - 141704
21:01:12 E:\ExtremoServer\mark\addons\missions_f_mp_mark_data.pbo - 119459
21:01:12 E:\ExtremoServer\mark\addons\modules_f_mark.pbo - 148886
21:01:12 E:\ExtremoServer\mark\addons\modules_f_mp_mark.pbo - 143568
21:01:12 E:\ExtremoServer\mark\addons\music_f_mark.pbo - 119477
21:01:12 E:\ExtremoServer\mark\addons\music_f_mark_music.pbo - 119477
21:01:12 E:\ExtremoServer\mark\addons\sounds_f_mark.pbo - 143218
21:01:12 E:\ExtremoServer\mark\addons\static_f_mark.pbo - 146756
21:01:12 E:\ExtremoServer\mark\addons\structures_f_mark.pbo - 149003
21:01:12 E:\ExtremoServer\mark\addons\supplies_f_mark.pbo - 140562
21:01:12 E:\ExtremoServer\mark\addons\ui_f_mark.pbo - 119478
21:01:12 E:\ExtremoServer\mark\addons\ui_f_mp_mark.pbo - 119478
21:01:12 E:\ExtremoServer\mark\addons\weapons_f_mark.pbo - 149339
21:01:12 E:\ExtremoServer\heli\addons\air_f_heli.pbo - 149975
21:01:12 E:\ExtremoServer\heli\addons\anims_f_heli.pbo - 123210
21:01:12 E:\ExtremoServer\heli\addons\boat_f_heli.pbo - 119457
21:01:12 E:\ExtremoServer\heli\addons\cargoposes_f_heli.pbo - 126231
21:01:12 E:\ExtremoServer\heli\addons\data_f_heli.pbo - 119457
21:01:12 E:\ExtremoServer\heli\addons\dubbing_f_heli.pbo - 119457
21:01:12 E:\ExtremoServer\heli\addons\functions_f_heli.pbo - 123022
21:01:12 E:\ExtremoServer\heli\addons\languagemissions_f_heli.pbo - 149991
21:01:12 E:\ExtremoServer\heli\addons\language_f_heli.pbo - 149991
21:01:12 E:\ExtremoServer\heli\addons\missions_f_heli.pbo - 129397
21:01:12 E:\ExtremoServer\heli\addons\missions_f_heli_data.pbo - 119459
21:01:12 E:\ExtremoServer\heli\addons\missions_f_heli_video.pbo - 119459
21:01:12 E:\ExtremoServer\heli\addons\modules_f_heli.pbo - 119459
21:01:12 E:\ExtremoServer\heli\addons\music_f_heli.pbo - 119477
21:01:12 E:\ExtremoServer\heli\addons\music_f_heli_music.pbo - 119477
21:01:12 E:\ExtremoServer\heli\addons\soft_f_heli.pbo - 129742
21:01:12 E:\ExtremoServer\heli\addons\sounds_f_heli.pbo - 119478
21:01:12 E:\ExtremoServer\heli\addons\structures_f_heli.pbo - 141968
21:01:12 E:\ExtremoServer\heli\addons\supplies_f_heli.pbo - 145695
21:01:12 E:\ExtremoServer\heli\addons\ui_f_heli.pbo - 119478
21:01:12 E:\ExtremoServer\kart\addons\anims_f_kart.pbo - 123210
21:01:12 E:\ExtremoServer\kart\addons\characters_f_kart.pbo - 148392
21:01:12 E:\ExtremoServer\kart\addons\data_f_kart.pbo - 119457
21:01:12 E:\ExtremoServer\kart\addons\languagemissions_f_kart.pbo - 149991
21:01:12 E:\ExtremoServer\kart\addons\language_f_kart.pbo - 149991
21:01:12 E:\ExtremoServer\kart\addons\missions_f_kart.pbo - 149274
21:01:12 E:\ExtremoServer\kart\addons\missions_f_kart_data.pbo - 119459
21:01:12 E:\ExtremoServer\kart\addons\modules_f_kart.pbo - 149386
21:01:12 E:\ExtremoServer\kart\addons\modules_f_kart_data.pbo - 149274
21:01:12 E:\ExtremoServer\kart\addons\soft_f_kart.pbo - 143035
21:01:12 E:\ExtremoServer\kart\addons\sounds_f_kart.pbo - 125381
21:01:12 E:\ExtremoServer\kart\addons\structures_f_kart.pbo - 123419
21:01:12 E:\ExtremoServer\kart\addons\ui_f_kart.pbo - 119478
21:01:12 E:\ExtremoServer\kart\addons\weapons_f_kart.pbo - 138461
21:01:12 E:\ExtremoServer\curator\addons\data_f_curator.pbo - 149127
21:01:12 E:\ExtremoServer\curator\addons\data_f_curator_music.pbo - 119457
21:01:12 E:\ExtremoServer\curator\addons\functions_f_curator.pbo - 149982
21:01:12 E:\ExtremoServer\curator\addons\language_f_curator.pbo - 149991
21:01:12 E:\ExtremoServer\curator\addons\missions_f_curator.pbo - 121570
21:01:12 E:\ExtremoServer\curator\addons\modules_f_curator.pbo - 144810
21:01:12 E:\ExtremoServer\curator\addons\ui_f_curator.pbo - 148756
21:01:12 E:\ExtremoServer\@server\addons\life_backend.pbo - unknown
21:01:12 addons\3den.pbo - 149982
21:01:12 addons\3den_language.pbo - 149991
21:01:12 addons\a3.pbo - unknown
21:01:12 addons\air_f.pbo - 149899
21:01:12 addons\air_f_beta.pbo - 149975
21:01:12 addons\air_f_epb.pbo - 145119
21:01:12 addons\air_f_epc.pbo - 148514
21:01:12 addons\air_f_gamma.pbo - 130580
21:01:12 addons\animals_f.pbo - 148893
21:01:12 addons\animals_f_beta.pbo - 123208
21:01:12 addons\anims_f.pbo - 149800
21:01:12 addons\anims_f_bootcamp.pbo - 123209
21:01:12 addons\anims_f_data.pbo - 148601
21:01:12 addons\anims_f_epa.pbo - 134499
21:01:12 addons\anims_f_epc.pbo - 121358
21:01:12 addons\anims_f_exp_a.pbo - 123209
21:01:12 addons\anims_f_mod.pbo - 135280
21:01:12 addons\armor_f.pbo - 149414
21:01:12 addons\armor_f_beta.pbo - 148783
21:01:12 addons\armor_f_epb.pbo - 149965
21:01:12 addons\armor_f_epc.pbo - 148819
21:01:12 addons\armor_f_gamma.pbo - 148783
21:01:12 addons\baseconfig_f.pbo - 119457
21:01:12 addons\boat_f.pbo - 149520
21:01:12 addons\boat_f_beta.pbo - 132036
21:01:12 addons\boat_f_epc.pbo - 131911
21:01:12 addons\boat_f_gamma.pbo - 127529
21:01:12 addons\cargoposes_f.pbo - 149489
21:01:12 addons\characters_f.pbo - 149863
21:01:12 addons\characters_f_beta.pbo - 149965
21:01:12 addons\characters_f_bootcamp.pbo - 149274
21:01:12 addons\characters_f_epa.pbo - 148392
21:01:12 addons\characters_f_epb.pbo - 148392
21:01:12 addons\characters_f_epc.pbo - 148392
21:01:12 addons\characters_f_gamma.pbo - 148392
21:01:12 addons\data_f.pbo - 149930
21:01:12 addons\data_f_bootcamp.pbo - 129618
21:01:12 addons\data_f_exp_a.pbo - 119457
21:01:12 addons\data_f_exp_b.pbo - 119457
21:01:12 addons\data_f_mod.pbo - 131534
21:01:12 addons\data_f_warlords.pbo - 147096
21:01:12 addons\drones_f.pbo - 146855
21:01:12 addons\dubbing_f.pbo - 119457
21:01:12 addons\dubbing_f_beta.pbo - 119457
21:01:12 addons\dubbing_f_bootcamp.pbo - 119457
21:01:12 addons\dubbing_f_epa.pbo - 119457
21:01:12 addons\dubbing_f_epb.pbo - 119457
21:01:12 addons\dubbing_f_epc.pbo - 119457
21:01:12 addons\dubbing_f_gamma.pbo - 122449
21:01:12 addons\dubbing_f_warlords.pbo - 136700
21:01:12 addons\dubbing_radio_f.pbo - 119457
21:01:12 addons\dubbing_radio_f_data_eng.pbo - 119457
21:01:12 addons\dubbing_radio_f_data_engb.pbo - 119458
21:01:12 addons\dubbing_radio_f_data_gre.pbo - 119458
21:01:12 addons\dubbing_radio_f_data_per.pbo - 119458
21:01:12 addons\dubbing_radio_f_data_vr.pbo - 119458
21:01:12 addons\editorpreviews_f.pbo - 149003
21:01:12 addons\editor_f.pbo - 121103
21:01:12 addons\functions_f.pbo - 149982
21:01:12 addons\functions_f_bootcamp.pbo - 149975
21:01:12 addons\functions_f_epa.pbo - 138704
21:01:12 addons\functions_f_epc.pbo - 119458
21:01:12 addons\functions_f_exp_a.pbo - 122619
21:01:12 addons\functions_f_warlords.pbo - 150013
21:01:12 addons\languagemissions_f.pbo - 149991
21:01:12 addons\languagemissions_f_beta.pbo - 149991
21:01:12 addons\languagemissions_f_bootcamp.pbo - 149991
21:01:12 addons\languagemissions_f_epa.pbo - 149991
21:01:12 addons\languagemissions_f_epb.pbo - 149991
21:01:12 addons\languagemissions_f_epc.pbo - 149991
21:01:12 addons\languagemissions_f_exp_a.pbo - 149991
21:01:12 addons\languagemissions_f_gamma.pbo - 149991
21:01:12 addons\language_f.pbo - 149991
21:01:12 addons\language_f_beta.pbo - 149991
21:01:12 addons\language_f_bootcamp.pbo - 149991
21:01:12 addons\language_f_epa.pbo - 149991
21:01:12 addons\language_f_epb.pbo - 149991
21:01:12 addons\language_f_epc.pbo - 149991
21:01:12 addons\language_f_exp_a.pbo - 149991
21:01:12 addons\language_f_exp_b.pbo - 149991
21:01:12 addons\language_f_gamma.pbo - 149991
21:01:12 addons\language_f_mod.pbo - 149991
21:01:12 addons\language_f_warlords.pbo - 149991
21:01:12 addons\map_altis.pbo - 148442
21:01:12 addons\map_altis_data.pbo - 135904
21:01:12 addons\map_altis_data_layers.pbo - 135913
21:01:12 addons\map_altis_data_layers_00_00.pbo - 0000
21:01:12 addons\map_altis_data_layers_00_01.pbo - 0000
21:01:12 addons\map_altis_data_layers_01_00.pbo - 0000
21:01:12 addons\map_altis_data_layers_01_01.pbo - 0000
21:01:12 addons\map_altis_scenes_f.pbo - 119459
21:01:12 addons\map_data.pbo - 134124
21:01:12 addons\map_stratis.pbo - 148442
21:01:12 addons\map_stratis_data.pbo - 135888
21:01:12 addons\map_stratis_data_layers.pbo - 135888
21:01:12 addons\map_stratis_scenes_f.pbo - 119459
21:01:12 addons\map_vr.pbo - 135900
21:01:12 addons\map_vr_scenes_f.pbo - 119459
21:01:12 addons\misc_f.pbo - 119459
21:01:12 addons\missions_f.pbo - 141704
21:01:12 addons\missions_f_beta.pbo - 149566
21:01:12 addons\missions_f_beta_data.pbo - 149165
21:01:12 addons\missions_f_beta_video.pbo - 119459
21:01:12 addons\missions_f_bootcamp.pbo - 145509
21:01:12 addons\missions_f_bootcamp_data.pbo - 119459
21:01:12 addons\missions_f_bootcamp_video.pbo - 119459
21:01:12 addons\missions_f_data.pbo - 119459
21:01:12 addons\missions_f_epa.pbo - 144315
21:01:12 addons\missions_f_epa_data.pbo - 119459
21:01:12 addons\missions_f_epa_video.pbo - 119459
21:01:12 addons\missions_f_epb.pbo - 119459
21:01:12 addons\missions_f_epc.pbo - 141704
21:01:12 addons\missions_f_exp_a.pbo - 141704
21:01:12 addons\missions_f_exp_a_data.pbo - 119459
21:01:12 addons\missions_f_gamma.pbo - 149041
21:01:12 addons\missions_f_gamma_data.pbo - 119459
21:01:12 addons\missions_f_gamma_video.pbo - 119459
21:01:12 addons\missions_f_video.pbo - 119459
21:01:12 addons\missions_f_warlords.pbo - 145437
21:01:12 addons\modules_f.pbo - 148754
21:01:12 addons\modules_f_beta.pbo - 149693
21:01:12 addons\modules_f_beta_data.pbo - 149274
21:01:12 addons\modules_f_bootcamp.pbo - 119459
21:01:12 addons\modules_f_data.pbo - 122470
21:01:12 addons\modules_f_epb.pbo - 134655
21:01:12 addons\modules_f_exp_a.pbo - 119459
21:01:12 addons\modules_f_warlords.pbo - 144205
21:01:12 addons\music_f.pbo - 119459
21:01:12 addons\music_f_bootcamp.pbo - 119459
21:01:12 addons\music_f_bootcamp_music.pbo - 119459
21:01:12 addons\music_f_epa.pbo - 119459
21:01:12 addons\music_f_epa_music.pbo - 119459
21:01:12 addons\music_f_epb.pbo - 119459
21:01:12 addons\music_f_epb_music.pbo - 119459
21:01:12 addons\music_f_epc.pbo - 119459
21:01:12 addons\music_f_epc_music.pbo - 119477
21:01:12 addons\music_f_music.pbo - 119477
21:01:12 addons\plants_f.pbo - 148432
21:01:12 addons\props_f_exp_a.pbo - 147637
21:01:12 addons\roads_f.pbo - 148432
21:01:12 addons\rocks_f.pbo - 149339
21:01:12 addons\signs_f.pbo - 148432
21:01:12 addons\soft_f.pbo - 148582
21:01:12 addons\soft_f_beta.pbo - 147054
21:01:12 addons\soft_f_bootcamp.pbo - 148207
21:01:12 addons\soft_f_epc.pbo - 140053
21:01:12 addons\soft_f_gamma.pbo - 148582
21:01:12 addons\sounds_f.pbo - 149551
21:01:12 addons\sounds_f_arsenal.pbo - 143218
21:01:12 addons\sounds_f_bootcamp.pbo - 119477
21:01:12 addons\sounds_f_characters.pbo - 143095
21:01:12 addons\sounds_f_environment.pbo - 143095
21:01:12 addons\sounds_f_epb.pbo - 126923
21:01:12 addons\sounds_f_epc.pbo - 125380
21:01:12 addons\sounds_f_exp_a.pbo - 119477
21:01:12 addons\sounds_f_mod.pbo - 131534
21:01:12 addons\sounds_f_sfx.pbo - 143211
21:01:12 addons\sounds_f_vehicles.pbo - 146855
21:01:12 addons\static_f.pbo - 149975
21:01:12 addons\static_f_beta.pbo - 132365
21:01:12 addons\static_f_gamma.pbo - 122615
21:01:12 addons\structures_f.pbo - 148886
21:01:12 addons\structures_f_bootcamp.pbo - 143436
21:01:12 addons\structures_f_data.pbo - 148419
21:01:12 addons\structures_f_epa.pbo - 149252
21:01:12 addons\structures_f_epb.pbo - 148421
21:01:12 addons\structures_f_epc.pbo - 148804
21:01:12 addons\structures_f_exp_a.pbo - 132665
21:01:12 addons\structures_f_households.pbo - 148419
21:01:12 addons\structures_f_ind.pbo - 148442
21:01:12 addons\structures_f_mil.pbo - 148419
21:01:12 addons\structures_f_wrecks.pbo - 148419
21:01:12 addons\uifonts_f.pbo - 119478
21:01:12 addons\uifonts_f_data.pbo - 128439
21:01:12 addons\ui_f.pbo - 149982
21:01:12 addons\ui_f_bootcamp.pbo - 119478
21:01:12 addons\ui_f_data.pbo - 149913
21:01:12 addons\ui_f_exp_a.pbo - 119478
21:01:12 addons\weapons_f.pbo - 149930
21:01:12 addons\weapons_f_beta.pbo - 149465
21:01:12 addons\weapons_f_bootcamp.pbo - 141713
21:01:12 addons\weapons_f_epa.pbo - 148783
21:01:12 addons\weapons_f_epb.pbo - 137810
21:01:12 addons\weapons_f_epc.pbo - 130416
21:01:12 addons\weapons_f_gamma.pbo - 148783
21:01:12 addons\weapons_f_mod.pbo - 149339
21:01:12 
21:01:12 =======================
21:01:12 
21:01:12 ============================================================================================= List of mods ===============================================================================================
21:01:12 modsReadOnly = false
21:01:12 safeModsActivated = false
21:01:12 customMods = true
21:01:12 hash = '4B4C0D7F28AFBCFC853D521C895D7C71B76F7FA2'
21:01:12 hashShort = '934e9fb9'
21:01:12                                               name |               modDir |    default |   official |               origin |                                     hash | hashShort | fullPath
21:01:12 ----------------------------------------------------------------------------------------------------------------------------------------------------------------------------------------------------------
21:01:12                                  Arma 3 Art of War |                  aow |       true |       true |             GAME DIR | 22f983e722d776b994b849f85dc8e3dc7fbf1d80 |  d1a9ea30 | E:\ExtremoServer\aow
21:01:12                          Arma 3 Contact (Platform) |                enoch |       true |       true |             GAME DIR | 630f4a626b41442e6701e7bdef49a7b9c3fa9b32 |  ebcc7e34 | E:\ExtremoServer\enoch
21:01:12                                       Arma 3 Tanks |                 tank |       true |       true |             GAME DIR | 20d5ce6259c6f3e74aa04bbc8638c21aa042e185 |  f2c578ee | E:\ExtremoServer\tank
21:01:12                                     Arma 3 Tac-Ops |               tacops |       true |       true |             GAME DIR | ac1ba9c5d698ef317c33dfae1dd5880d1c0998f5 |  d04a9748 | E:\ExtremoServer\tacops
21:01:12                                 Arma 3 Laws of War |               orange |       true |       true |             GAME DIR | f1ad8dd27fd7f7eb0958f308e5611bd875e73f62 |  bdb18000 | E:\ExtremoServer\orange
21:01:12                                      Arma 3 Malden |                 argo |       true |       true |             GAME DIR | e35201dbb799ac75f8cdc4b949cf2a05596b5152 |  9d2cd667 | E:\ExtremoServer\argo
21:01:12                                        Arma 3 Jets |                 jets |       true |       true |             GAME DIR | afa7ee22f86e026aa0cd21eebccfcfbd20277769 |  feb00aef | E:\ExtremoServer\jets
21:01:12                                        Arma 3 Apex |            expansion |       true |       true |             GAME DIR | 39335ef41c081bb964379eb6a25a15fbab7d3e82 |  742e0217 | E:\ExtremoServer\expansion
21:01:12                                    Arma 3 Marksmen |                 mark |       true |       true |             GAME DIR | ab3d88859d129a9463faf0e95e23e702790924cf |  403c1ca1 | E:\ExtremoServer\mark
21:01:12                                 Arma 3 Helicopters |                 heli |       true |       true |             GAME DIR | 858b2aaca10f78868f7263eacd3e5807f867349f |  3e5abbed | E:\ExtremoServer\heli
21:01:12                                       Arma 3 Karts |                 kart |       true |       true |             GAME DIR | 3f0e49029187075bd8919f234a46aef0e401deed |  3d19a811 | E:\ExtremoServer\kart
21:01:12                                        Arma 3 Zeus |              curator |       true |       true |             GAME DIR | 2e3ca1016b3ef508b5fb22268eec782afffb4dbe |  28a7924e | E:\ExtremoServer\curator
21:01:12                                             Arma 3 |                   A3 |       true |       true |            NOT FOUND |                                          |           | 
21:01:12                                            @server |              @server |      false |      false |             GAME DIR | da39a3ee5e6b4b0d3255bfef95601890afd80709 |  11fdd19c | E:\ExtremoServer\@server
21:01:12 ==========================================================================================================================================================================================================
21:01:12 InitSound ...
21:01:12 InitSound - complete
21:01:12 PhysX3 SDK Init started ...
21:01:12 PhysX3 SDK Init ended.
21:01:16 Warning Message: You cannot play/edit this mission; it is dependent on downloadable content that has been deleted.
a3_characters_f
21:01:16 Loading movesType CfgGesturesMale
21:01:16 Creating action map cache
21:01:16 MovesType CfgGesturesMale load time 42.0 ms
21:01:16 Loading movesType CfgMovesMaleSdr
21:01:16 Reading cached action map data
21:01:17 Warning: looped for animation: a3\anims_f_epa\data\anim\sdr\cts\hubcleaned\briefing\hubbriefing_loop.rtm differs (looped now 1)! MoveName: hubbriefing_loop
21:01:17 Warning: looped for animation: a3\anims_f_epa\data\anim\sdr\cts\hubcleaned\briefing\hubbriefing_loop.rtm differs (looped now 0)! MoveName: hubbriefing_ext
21:01:17 Warning: looped for animation: a3\anims_f_epa\data\anim\sdr\cts\hubcleaned\spectator\hubspectator_stand.rtm differs (looped now 0)! MoveName: hubspectator_stand
21:01:17 MovesType CfgMovesMaleSdr load time 1200.0 ms
21:01:18 Initializing Steam server - Game Port: 2302, Steam Query Port: 2303
21:01:18 Steam AppId in current environment: 107410
21:01:20 Unsupported language English in stringtable
21:01:20 Unsupported language English in stringtable
21:01:20   Context: mpmissions\__cur_mp.Altis\stringtable.xml
21:01:20 Connected to Steam servers
21:01:20 Starting mission:
21:01:20  Mission file: Altis_Life (__cur_mp)
21:01:20  Mission world: Altis
21:01:20  Mission directory: mpmissions\__cur_mp.Altis\
21:01:25 Strange convex component202 in a3\structures_f\households\house_small01\d_house_small_01_v1_f.p3d:geometryView
21:01:25 Strange convex component203 in a3\structures_f\households\house_small01\d_house_small_01_v1_f.p3d:geometryView
21:01:25 Strange convex component145 in a3\plants_f\tree\t_pinuss2s_b_f.p3d:geometryView
21:01:25 Strange convex component149 in a3\plants_f\tree\t_pinuss2s_b_f.p3d:geometryView
21:01:25 Strange convex component115 in a3\structures_f\households\house_big01\u_house_big_01_v1_f.p3d:geometryView
21:01:25 Strange convex component117 in a3\structures_f\households\house_big01\u_house_big_01_v1_f.p3d:geometryView
21:01:28 "Administrator/BIS_fnc_log: [BIS_fnc_preload] ----- Initializing scripts in Altis_Life -----"
21:01:28 "Administrator/BIS_fnc_log: [recompile] recompile BIS_fnc_missionTasksLocal"
21:01:28 "Administrator/BIS_fnc_log: [recompile] recompile BIS_fnc_missionConversationsLocal"
21:01:28 "Administrator/BIS_fnc_log: [recompile] recompile BIS_fnc_missionFlow"
21:01:28 "Administrator/BIS_fnc_log: [preInit] BIS_fnc_feedbackMain (0 ms)"
21:01:28 "Administrator/BIS_fnc_log: [preInit] BIS_fnc_missionHandlers (0 ms)"
21:01:28 "Administrator/BIS_fnc_log: [preInit] BIS_fnc_storeParamsValues (0 ms)"
21:01:28 "Administrator/BIS_fnc_log: [preInit] ""DeltaTime computation started"""
21:01:28 "Administrator/BIS_fnc_log: [preInit] BIS_fnc_keyframeAnimation_deltaTime (0 ms)"
21:01:28 "Administrator/BIS_fnc_log: [preInit] BIS_fnc_getServerVariable (0 ms)"
21:01:28 "Administrator/BIS_fnc_log: [preInit] MPServer_fnc_preInit (0.999451 ms)"
21:01:28 "[RCON SYSTEM]: Starting RCON"
21:01:28 "[RCON SYSTEM]: Sending Command: #lock"
21:01:28 "[RCON SYSTEM]: Lock Event: server locked for init"
21:01:28 "Administrator/BIS_fnc_log: [preInit] MPClient_fnc_rcon_initialize (9.00078 ms)"
21:01:28 CallExtension loaded: extDB3 (E:\ExtremoServer\@server\extDB3_x64.dll) []

21:01:28 "Administrator/BIS_fnc_log: [preInit] MPServer_fnc_database_initialize (24.9996 ms)"
21:01:28 "Administrator/BIS_fnc_log: [preInit] MPServer_fnc_antihack_initialize (0 ms)"
21:01:28 "Administrator/BIS_fnc_log: [preInit] BIS_fnc_OM_HandleMapControls (0 ms)"
21:01:28 "Administrator/BIS_fnc_log: [BIS_fnc_OM_moduleSmartMarkers] Error: SmartMarker system has not been yet initialized."
21:01:28 "Administrator/BIS_fnc_log: [preInit] BIS_fnc_OM_moduleSmartMarkers (0.999451 ms)"
21:01:30 No speaker given for 'Ali Ngige'
21:01:30 No speaker given for 'Ali Okonkwo'
21:01:30 No speaker given for 'Dixon Walker'
21:01:30 No speaker given for 'Hamidi Azikiwe'
21:01:30 No speaker given for 'Hu Chang'
21:01:30 soldier[B_diver_F]:Some of magazines weren't stored in soldier Vest or Uniform?
21:01:30 No speaker given for 'Tavish Anderson'
21:01:30 No speaker given for 'Donald Warren'
21:01:30 No speaker given for 'Mike Thompson'
21:01:30 No speaker given for 'Spencer Bennett'
21:01:30 No speaker given for 'Muhammad Okeke'
21:01:30 No speaker given for 'Mike White'
21:01:30 No speaker given for 'Connor Hill'
21:01:30 No speaker given for 'Kyle Young'
21:01:30 No speaker given for 'Dong Yeung'
21:01:30 No speaker given for 'Lu Chen'
21:01:30 No speaker given for 'Samuel Newton'
21:01:30 No speaker given for 'Luke O'Sullivan'
21:01:30 No speaker given for 'Jamie Taylor'
21:01:30 No speaker given for 'Lu Kung'
21:01:30 No speaker given for 'Archie Conrad'
21:01:30 No speaker given for 'Matthew White'
21:01:30 No speaker given for 'Oliver Clark'
21:01:30 soldier[B_diver_F]:Some of magazines weren't stored in soldier Vest or Uniform?
21:01:30 No speaker given for 'Max Jones'
21:01:30 No speaker given for 'Katungi Sesse-Seko'
21:01:30 No speaker given for 'Jake Anderson'
21:01:30 No speaker given for 'Dwan Smith'
21:01:30 No speaker given for 'Greer Nelson'
21:01:30 No speaker given for 'Keith Harris'
21:01:30 No speaker given for 'Greer Moore'
21:01:30 Wrong vertex mapping for person collision geometry found in a3\characters_f_epc\civil\c_nikos_aged.p3d. Selection 1c not found
21:01:30 Wrong vertex mapping for person collision geometry found in a3\characters_f_epc\civil\c_nikos_aged.p3d. Selection 2c not found
21:01:30 Wrong vertex mapping for person collision geometry found in a3\characters_f_epc\civil\c_nikos_aged.p3d. Selection 3c not found
21:01:30 Wrong vertex mapping for person collision geometry found in a3\characters_f_epc\civil\c_nikos_aged.p3d. Selection 4c not found
21:01:30 Wrong vertex mapping for person collision geometry found in a3\characters_f_epc\civil\c_nikos_aged.p3d. Selection 5c not found
21:01:30 Wrong vertex mapping for person collision geometry found in a3\characters_f_epc\civil\c_nikos_aged.p3d. Selection 6c not found
21:01:30 Wrong vertex mapping for person collision geometry found in a3\characters_f_epc\civil\c_nikos_aged.p3d. Selection 7c not found
21:01:30 Wrong vertex mapping for person collision geometry found in a3\characters_f_epc\civil\c_nikos_aged.p3d. Selection 8c not found
21:01:30 Wrong geometry convex component mapping  for person collision geometry found in a3\characters_f_epc\civil\c_nikos_aged.p3d. Convex component number 3. not found
21:01:30 No speaker given for 'Evangelos Costas'
21:01:30 No face for C Delta 1-4:114
21:01:30 No speaker given for 'Vasilis Karmanlis'
21:01:30 No face for C Delta 1-4:115
21:01:30 No speaker given for 'Evripidis Karmanlis'
21:01:30 No face for C Delta 1-4:116
21:01:30 No speaker given for 'Michalis Mastori'
21:01:30 No face for C Delta 1-4:117
21:01:30 No speaker given for 'Vasilis Zenon'
21:01:30 No face for C Delta 1-4:118
21:01:30 No speaker given for 'Kouris Manelia'
21:01:30 No face for C Delta 1-4:119
21:01:30 No speaker given for 'Angelos Nicolau'
21:01:30 No face for C Delta 1-4:120
21:01:30 No speaker given for 'Michalis Petridis'
21:01:30 No face for C Delta 1-4:121
21:01:30 No speaker given for 'Samaras Athanasiadis'
21:01:30 No face for C Delta 1-4:122
21:01:30 No speaker given for 'Biton Christou'
21:01:30 No face for C Delta 1-4:123
21:01:30 No speaker given for 'Fotini Dimitriadis'
21:01:30 No face for C Delta 1-4:124
21:01:30 No speaker given for 'Militiadis Manelia'
21:01:30 No face for C Delta 1-4:125
21:01:30 No speaker given for 'Sotiris Gikas'
21:01:30 No face for C Delta 1-4:126
21:01:30 No speaker given for 'Thanos Kammenou'
21:01:30 No face for C Delta 1-4:127
21:01:30 No speaker given for 'Sotiris Stanis'
21:01:30 No face for C Delta 1-4:128
21:01:30 No speaker given for 'Evripidis Manetta'
21:01:30 No face for C Delta 1-4:129
21:01:30 No speaker given for 'Nicolo Nicolau'
21:01:30 No face for C Delta 1-4:130
21:01:30 No speaker given for 'Costa Stanis'
21:01:30 No face for C Delta 1-4:131
21:01:30 No speaker given for 'Militiadis Papadopoulos'
21:01:30 No face for C Delta 1-4:132
21:01:30 No speaker given for 'Thamos Malas'
21:01:30 No face for C Delta 1-4:133
21:01:30 No speaker given for 'Panos Ioannou'
21:01:30 No face for C Delta 1-4:134
21:01:30 No speaker given for 'Thanos Ioannou'
21:01:30 No face for C Delta 1-4:135
21:01:30 No speaker given for 'Vasilis Elias'
21:01:30 No face for C Delta 1-4:136
21:01:30 No speaker given for 'Gamba Achebe'
21:01:31 "----------------------------------------------------------------------------------------------------"
21:01:31 "------------------------------------- loading life backend -----------------------------------------"
21:01:31 "------------------------------------------ Version 5.0.0 -------------------------------------------"
21:01:31 "----------------------------------------------------------------------------------------------------"
21:01:31 "Administrator/BIS_fnc_log: [script] initServer.sqf"
21:01:31 "Administrator/BIS_fnc_log: [postInit] BIS_fnc_missionFlow (0.999451 ms)"
21:01:31 "Administrator/BIS_fnc_log: [postInit] BIS_fnc_initParams (0 ms)"
21:01:31 "Administrator/BIS_fnc_log: [postInit] BIS_fnc_initRespawn (0 ms)"
21:01:31 "Administrator/BIS_fnc_log: [postInit] BIS_fnc_keyframeAnimation_init (29.9988 ms)"
21:01:31 "Administrator/BIS_fnc_log: [postInit] BIS_fnc_reviveInit (0 ms)"
21:01:31 Error: Object(2 : 642) not found
21:01:31 c:\bis\source\stable\futura\lib\network\networkserver.cpp NetworkServer::OnClientStateChanged:NOT IMPLEMENTED - briefing!
21:01:31  Mission id: 2349d44f2d1f6cd263381842f5ae7da7fd3db6a7
21:01:31 CallExtension loaded: BEGuid (E:\ExtremoServer\@server\BEGuid_x64.dll) [] []

21:01:31 Attempt to override final function - bis_fnc_storeparamsvalues_data
21:01:31 Successfull attempt to execute serverCommand '#lock' by server.
21:01:31 Successfull attempt to execute serverCommand '#debug [RCON SYSTEM]: Sending Command: #kick 0' by server.
21:01:31 Successfull attempt to execute serverCommand '#kick 0' by server.
21:01:31 Successfull attempt to execute serverCommand '#debug [RCON SYSTEM]: Sending Command: #kick 1' by server.
21:01:31 Successfull attempt to execute serverCommand '#kick 1' by server.
21:01:31 Successfull attempt to execute serverCommand '#debug [RCON SYSTEM]: Sending Command: #kick 2' by server.
21:01:31 Successfull attempt to execute serverCommand '#kick 2' by server.
21:01:31 Successfull attempt to execute serverCommand '#debug [RCON SYSTEM]: Sending Command: #kick 3' by server.
21:01:31 Successfull attempt to execute serverCommand '#kick 3' by server.
21:01:31 Successfull attempt to execute serverCommand '#debug [RCON SYSTEM]: Sending Command: #kick 4' by server.
21:01:31 Successfull attempt to execute serverCommand '#kick 4' by server.
21:01:31 Successfull attempt to execute serverCommand '#debug [RCON SYSTEM]: Sending Command: #kick 5' by server.
21:01:31 Successfull attempt to execute serverCommand '#kick 5' by server.
21:01:31 Successfull attempt to execute serverCommand '#debug [RCON SYSTEM]: Sending Command: #kick 6' by server.
21:01:31 Successfull attempt to execute serverCommand '#kick 6' by server.
21:01:31 Successfull attempt to execute serverCommand '#debug [RCON SYSTEM]: Sending Command: #kick 7' by server.
21:01:31 Successfull attempt to execute serverCommand '#kick 7' by server.
21:01:31 Successfull attempt to execute serverCommand '#debug [RCON SYSTEM]: Sending Command: #kick 8' by server.
21:01:31 Successfull attempt to execute serverCommand '#kick 8' by server.
21:01:31 Successfull attempt to execute serverCommand '#debug [RCON SYSTEM]: Sending Command: #kick 9' by server.
21:01:31 Successfull attempt to execute serverCommand '#kick 9' by server.
21:01:31 Successfull attempt to execute serverCommand '#debug [RCON SYSTEM]: Sending Command: #kick 10' by server.
21:01:31 Successfull attempt to execute serverCommand '#kick 10' by server.
21:01:31 Successfull attempt to execute serverCommand '#debug [RCON SYSTEM]: Sending Command: #kick 11' by server.
21:01:31 Successfull attempt to execute serverCommand '#kick 11' by server.
21:01:31 Successfull attempt to execute serverCommand '#debug [RCON SYSTEM]: Sending Command: #kick 12' by server.
21:01:31 Successfull attempt to execute serverCommand '#kick 12' by server.
21:01:31 Successfull attempt to execute serverCommand '#debug [RCON SYSTEM]: Sending Command: #kick 13' by server.
21:01:31 Successfull attempt to execute serverCommand '#kick 13' by server.
21:01:31 Successfull attempt to execute serverCommand '#debug [RCON SYSTEM]: Sending Command: #kick 14' by server.
21:01:31 Successfull attempt to execute serverCommand '#kick 14' by server.
21:01:31 Successfull attempt to execute serverCommand '#debug [RCON SYSTEM]: Sending Command: #kick 15' by server.
21:01:31 Successfull attempt to execute serverCommand '#kick 15' by server.
21:01:31 Successfull attempt to execute serverCommand '#debug [RCON SYSTEM]: Sending Command: #kick 16' by server.
21:01:31 Successfull attempt to execute serverCommand '#kick 16' by server.
21:01:31 Successfull attempt to execute serverCommand '#debug [RCON SYSTEM]: Sending Command: #kick 17' by server.
21:01:31 Successfull attempt to execute serverCommand '#kick 17' by server.
21:01:31 Successfull attempt to execute serverCommand '#debug [RCON SYSTEM]: Sending Command: #kick 18' by server.
21:01:31 Successfull attempt to execute serverCommand '#kick 18' by server.
21:01:31 Successfull attempt to execute serverCommand '#debug [RCON SYSTEM]: Sending Command: #kick 19' by server.
21:01:31 Successfull attempt to execute serverCommand '#kick 19' by server.
21:01:31 Successfull attempt to execute serverCommand '#debug [RCON SYSTEM]: Sending Command: #kick 20' by server.
21:01:31 Successfull attempt to execute serverCommand '#kick 20' by server.
21:01:31 Successfull attempt to execute serverCommand '#debug [RCON SYSTEM]: Sending Command: #kick 21' by server.
21:01:31 Successfull attempt to execute serverCommand '#kick 21' by server.
21:01:31 Successfull attempt to execute serverCommand '#debug [RCON SYSTEM]: Sending Command: #kick 22' by server.
21:01:31 Successfull attempt to execute serverCommand '#kick 22' by server.
21:01:31 Successfull attempt to execute serverCommand '#debug [RCON SYSTEM]: Sending Command: #kick 23' by server.
21:01:31 Successfull attempt to execute serverCommand '#kick 23' by server.
21:01:31 Successfull attempt to execute serverCommand '#debug [RCON SYSTEM]: Sending Command: #kick 24' by server.
21:01:31 Successfull attempt to execute serverCommand '#kick 24' by server.
21:01:31 Successfull attempt to execute serverCommand '#debug [RCON SYSTEM]: Sending Command: #kick 25' by server.
21:01:31 Successfull attempt to execute serverCommand '#kick 25' by server.
21:01:31 Successfull attempt to execute serverCommand '#debug [RCON SYSTEM]: Sending Command: #kick 26' by server.
21:01:31 Successfull attempt to execute serverCommand '#kick 26' by server.
21:01:31 Successfull attempt to execute serverCommand '#debug [RCON SYSTEM]: Sending Command: #kick 27' by server.
21:01:31 Successfull attempt to execute serverCommand '#kick 27' by server.
21:01:31 Successfull attempt to execute serverCommand '#debug [RCON SYSTEM]: Sending Command: #kick 28' by server.
21:01:31 Successfull attempt to execute serverCommand '#kick 28' by server.
21:01:31 Successfull attempt to execute serverCommand '#debug [RCON SYSTEM]: Sending Command: #kick 29' by server.
21:01:31 Successfull attempt to execute serverCommand '#kick 29' by server.
21:01:31 Successfull attempt to execute serverCommand '#debug [RCON SYSTEM]: Sending Command: #kick 30' by server.
21:01:31 Successfull attempt to execute serverCommand '#kick 30' by server.
21:01:31 Successfull attempt to execute serverCommand '#debug [RCON SYSTEM]: Sending Command: #kick 31' by server.
21:01:31 Successfull attempt to execute serverCommand '#kick 31' by server.
21:01:31 Successfull attempt to execute serverCommand '#debug [RCON SYSTEM]: Sending Command: #kick 32' by server.
21:01:31 Successfull attempt to execute serverCommand '#kick 32' by server.
21:01:31 Successfull attempt to execute serverCommand '#debug [RCON SYSTEM]: Sending Command: #kick 33' by server.
21:01:31 Successfull attempt to execute serverCommand '#kick 33' by server.
21:01:31 Successfull attempt to execute serverCommand '#debug [RCON SYSTEM]: Sending Command: #kick 34' by server.
21:01:31 Successfull attempt to execute serverCommand '#kick 34' by server.
21:01:31 Successfull attempt to execute serverCommand '#debug [RCON SYSTEM]: Sending Command: #kick 35' by server.
21:01:31 Successfull attempt to execute serverCommand '#kick 35' by server.
21:01:31 Successfull attempt to execute serverCommand '#debug [RCON SYSTEM]: Sending Command: #kick 36' by server.
21:01:31 Successfull attempt to execute serverCommand '#kick 36' by server.
21:01:31 Successfull attempt to execute serverCommand '#debug [RCON SYSTEM]: Sending Command: #kick 37' by server.
21:01:31 Successfull attempt to execute serverCommand '#kick 37' by server.
21:01:31 Successfull attempt to execute serverCommand '#debug [RCON SYSTEM]: Sending Command: #kick 38' by server.
21:01:31 Successfull attempt to execute serverCommand '#kick 38' by server.
21:01:31 Successfull attempt to execute serverCommand '#debug [RCON SYSTEM]: Sending Command: #kick 39' by server.
21:01:31 Successfull attempt to execute serverCommand '#kick 39' by server.
21:01:31 Successfull attempt to execute serverCommand '#debug [RCON SYSTEM]: Sending Command: #kick 40' by server.
21:01:31 Successfull attempt to execute serverCommand '#kick 40' by server.
21:01:31 Successfull attempt to execute serverCommand '#debug [RCON SYSTEM]: Sending Command: #kick 41' by server.
21:01:31 Successfull attempt to execute serverCommand '#kick 41' by server.
21:01:31 Successfull attempt to execute serverCommand '#debug [RCON SYSTEM]: Sending Command: #kick 42' by server.
21:01:31 Successfull attempt to execute serverCommand '#kick 42' by server.
21:01:31 Successfull attempt to execute serverCommand '#debug [RCON SYSTEM]: Sending Command: #kick 43' by server.
21:01:31 Successfull attempt to execute serverCommand '#kick 43' by server.
21:01:31 Successfull attempt to execute serverCommand '#debug [RCON SYSTEM]: Sending Command: #kick 44' by server.
21:01:31 Successfull attempt to execute serverCommand '#kick 44' by server.
21:01:31 Successfull attempt to execute serverCommand '#debug [RCON SYSTEM]: Sending Command: #kick 45' by server.
21:01:31 Successfull attempt to execute serverCommand '#kick 45' by server.
21:01:31 Successfull attempt to execute serverCommand '#debug [RCON SYSTEM]: Sending Command: #kick 46' by server.
21:01:31 Successfull attempt to execute serverCommand '#kick 46' by server.
21:01:31 Successfull attempt to execute serverCommand '#debug [RCON SYSTEM]: Sending Command: #kick 47' by server.
21:01:31 Successfull attempt to execute serverCommand '#kick 47' by server.
21:01:31 Successfull attempt to execute serverCommand '#debug [RCON SYSTEM]: Sending Command: #kick 48' by server.
21:01:31 Successfull attempt to execute serverCommand '#kick 48' by server.
21:01:31 Successfull attempt to execute serverCommand '#debug [RCON SYSTEM]: Sending Command: #kick 49' by server.
21:01:31 Successfull attempt to execute serverCommand '#kick 49' by server.
21:01:31 Successfull attempt to execute serverCommand '#debug [RCON SYSTEM]: Sending Command: #kick 50' by server.
21:01:31 Successfull attempt to execute serverCommand '#kick 50' by server.
21:01:31 Successfull attempt to execute serverCommand '#debug [RCON SYSTEM]: Sending Command: #kick 51' by server.
21:01:31 Successfull attempt to execute serverCommand '#kick 51' by server.
21:01:31 Successfull attempt to execute serverCommand '#debug [RCON SYSTEM]: Sending Command: #kick 52' by server.
21:01:31 Successfull attempt to execute serverCommand '#kick 52' by server.
21:01:31 Successfull attempt to execute serverCommand '#debug [RCON SYSTEM]: Sending Command: #kick 53' by server.
21:01:31 Successfull attempt to execute serverCommand '#kick 53' by server.
21:01:31 Successfull attempt to execute serverCommand '#debug [RCON SYSTEM]: Sending Command: #kick 54' by server.
21:01:31 Successfull attempt to execute serverCommand '#kick 54' by server.
21:01:31 Successfull attempt to execute serverCommand '#debug [RCON SYSTEM]: Sending Command: #kick 55' by server.
21:01:31 Successfull attempt to execute serverCommand '#kick 55' by server.
21:01:31 Successfull attempt to execute serverCommand '#debug [RCON SYSTEM]: Sending Command: #kick 56' by server.
21:01:31 Successfull attempt to execute serverCommand '#kick 56' by server.
21:01:31 Successfull attempt to execute serverCommand '#debug [RCON SYSTEM]: Sending Command: #kick 57' by server.
21:01:31 Successfull attempt to execute serverCommand '#kick 57' by server.
21:01:31 Successfull attempt to execute serverCommand '#debug [RCON SYSTEM]: Sending Command: #kick 58' by server.
21:01:31 Successfull attempt to execute serverCommand '#kick 58' by server.
21:01:31 Successfull attempt to execute serverCommand '#debug [RCON SYSTEM]: Sending Command: #kick 59' by server.
21:01:31 Successfull attempt to execute serverCommand '#kick 59' by server.
21:01:31 Successfull attempt to execute serverCommand '#debug [RCON SYSTEM]: Sending Command: #kick 60' by server.
21:01:31 Successfull attempt to execute serverCommand '#kick 60' by server.
21:01:31 Successfull attempt to execute serverCommand '#debug [RCON SYSTEM]: Sending Command: #kick 61' by server.
21:01:31 Successfull attempt to execute serverCommand '#kick 61' by server.
21:01:31 Successfull attempt to execute serverCommand '#debug [RCON SYSTEM]: Sending Command: #kick 62' by server.
21:01:31 Successfull attempt to execute serverCommand '#kick 62' by server.
21:01:31 Successfull attempt to execute serverCommand '#debug [RCON SYSTEM]: Sending Command: #kick 63' by server.
21:01:31 Successfull attempt to execute serverCommand '#kick 63' by server.
21:01:31 Successfull attempt to execute serverCommand '#debug [RCON SYSTEM]: Sending Command: #kick 64' by server.
21:01:31 Successfull attempt to execute serverCommand '#kick 64' by server.
21:01:31 Successfull attempt to execute serverCommand '#debug [RCON SYSTEM]: Sending Command: #kick 65' by server.
21:01:31 Successfull attempt to execute serverCommand '#kick 65' by server.
21:01:31 Successfull attempt to execute serverCommand '#debug [RCON SYSTEM]: Sending Command: #kick 66' by server.
21:01:31 Successfull attempt to execute serverCommand '#kick 66' by server.
21:01:31 Successfull attempt to execute serverCommand '#debug [RCON SYSTEM]: Sending Command: #kick 67' by server.
21:01:31 Successfull attempt to execute serverCommand '#kick 67' by server.
21:01:31 Successfull attempt to execute serverCommand '#debug [RCON SYSTEM]: Sending Command: #kick 68' by server.
21:01:31 Successfull attempt to execute serverCommand '#kick 68' by server.
21:01:31 Successfull attempt to execute serverCommand '#debug [RCON SYSTEM]: Sending Command: #kick 69' by server.
21:01:31 Successfull attempt to execute serverCommand '#kick 69' by server.
21:01:31 Successfull attempt to execute serverCommand '#debug [RCON SYSTEM]: Sending Command: #kick 70' by server.
21:01:31 Successfull attempt to execute serverCommand '#kick 70' by server.
21:01:31 Successfull attempt to execute serverCommand '#debug [RCON SYSTEM]: Sending Command: #kick 71' by server.
21:01:31 Successfull attempt to execute serverCommand '#kick 71' by server.
21:01:31 Successfull attempt to execute serverCommand '#debug [RCON SYSTEM]: Sending Command: #kick 72' by server.
21:01:31 Successfull attempt to execute serverCommand '#kick 72' by server.
21:01:31 Successfull attempt to execute serverCommand '#debug [RCON SYSTEM]: Sending Command: #kick 73' by server.
21:01:31 Successfull attempt to execute serverCommand '#kick 73' by server.
21:01:31 Successfull attempt to execute serverCommand '#debug [RCON SYSTEM]: Sending Command: #kick 74' by server.
21:01:31 Successfull attempt to execute serverCommand '#kick 74' by server.
21:01:31 Successfull attempt to execute serverCommand '#debug [RCON SYSTEM]: Sending Command: #kick 75' by server.
21:01:31 Successfull attempt to execute serverCommand '#kick 75' by server.
21:01:31 Successfull attempt to execute serverCommand '#debug [RCON SYSTEM]: Sending Command: #kick 76' by server.
21:01:31 Successfull attempt to execute serverCommand '#kick 76' by server.
21:01:31 Successfull attempt to execute serverCommand '#debug [RCON SYSTEM]: Sending Command: #kick 77' by server.
21:01:31 Successfull attempt to execute serverCommand '#kick 77' by server.
21:01:31 Successfull attempt to execute serverCommand '#debug [RCON SYSTEM]: Sending Command: #kick 78' by server.
21:01:31 Successfull attempt to execute serverCommand '#kick 78' by server.
21:01:31 Successfull attempt to execute serverCommand '#debug [RCON SYSTEM]: Sending Command: #kick 79' by server.
21:01:31 Successfull attempt to execute serverCommand '#kick 79' by server.
21:01:31 Successfull attempt to execute serverCommand '#debug [RCON SYSTEM]: Sending Command: #kick 80' by server.
21:01:31 Successfull attempt to execute serverCommand '#kick 80' by server.
21:01:31 Successfull attempt to execute serverCommand '#debug [RCON SYSTEM]: Sending Command: #kick 81' by server.
21:01:31 Successfull attempt to execute serverCommand '#kick 81' by server.
21:01:31 Successfull attempt to execute serverCommand '#debug [RCON SYSTEM]: Sending Command: #kick 82' by server.
21:01:31 Successfull attempt to execute serverCommand '#kick 82' by server.
21:01:31 Successfull attempt to execute serverCommand '#debug [RCON SYSTEM]: Sending Command: #kick 83' by server.
21:01:31 Successfull attempt to execute serverCommand '#kick 83' by server.
21:01:31 Successfull attempt to execute serverCommand '#debug [RCON SYSTEM]: Sending Command: #kick 84' by server.
21:01:31 Successfull attempt to execute serverCommand '#kick 84' by server.
21:01:31 Successfull attempt to execute serverCommand '#debug [RCON SYSTEM]: Sending Command: #kick 85' by server.
21:01:31 Successfull attempt to execute serverCommand '#kick 85' by server.
21:01:31 Successfull attempt to execute serverCommand '#debug [RCON SYSTEM]: Sending Command: #kick 86' by server.
21:01:31 Successfull attempt to execute serverCommand '#kick 86' by server.
21:01:31 Successfull attempt to execute serverCommand '#debug [RCON SYSTEM]: Sending Command: #kick 87' by server.
21:01:31 Successfull attempt to execute serverCommand '#kick 87' by server.
21:01:31 Successfull attempt to execute serverCommand '#debug [RCON SYSTEM]: Sending Command: #kick 88' by server.
21:01:31 Successfull attempt to execute serverCommand '#kick 88' by server.
21:01:31 Successfull attempt to execute serverCommand '#debug [RCON SYSTEM]: Sending Command: #kick 89' by server.
21:01:31 Successfull attempt to execute serverCommand '#kick 89' by server.
21:01:31 Successfull attempt to execute serverCommand '#debug [RCON SYSTEM]: Sending Command: #kick 90' by server.
21:01:31 Successfull attempt to execute serverCommand '#kick 90' by server.
21:01:31 Successfull attempt to execute serverCommand '#debug [RCON SYSTEM]: Sending Command: #kick 91' by server.
21:01:31 Successfull attempt to execute serverCommand '#kick 91' by server.
21:01:31 Successfull attempt to execute serverCommand '#debug [RCON SYSTEM]: Sending Command: #kick 92' by server.
21:01:31 Successfull attempt to execute serverCommand '#kick 92' by server.
21:01:31 Successfull attempt to execute serverCommand '#debug [RCON SYSTEM]: Sending Command: #kick 93' by server.
21:01:31 Successfull attempt to execute serverCommand '#kick 93' by server.
21:01:31 Successfull attempt to execute serverCommand '#debug [RCON SYSTEM]: Sending Command: #kick 94' by server.
21:01:31 Successfull attempt to execute serverCommand '#kick 94' by server.
21:01:31 Successfull attempt to execute serverCommand '#debug [RCON SYSTEM]: Sending Command: #kick 95' by server.
21:01:31 Successfull attempt to execute serverCommand '#kick 95' by server.
21:01:31 Successfull attempt to execute serverCommand '#debug [RCON SYSTEM]: Sending Command: #kick 96' by server.
21:01:31 Successfull attempt to execute serverCommand '#kick 96' by server.
21:01:31 Successfull attempt to execute serverCommand '#debug [RCON SYSTEM]: Sending Command: #kick 97' by server.
21:01:31 Successfull attempt to execute serverCommand '#kick 97' by server.
21:01:31 Successfull attempt to execute serverCommand '#debug [RCON SYSTEM]: Sending Command: #kick 98' by server.
21:01:31 Successfull attempt to execute serverCommand '#kick 98' by server.
21:01:31 Successfull attempt to execute serverCommand '#debug [RCON SYSTEM]: Sending Command: #kick 99' by server.
21:01:31 Successfull attempt to execute serverCommand '#kick 99' by server.
21:01:31 Successfull attempt to execute serverCommand '#debug [RCON SYSTEM]: Sending Command: #kick 100' by server.
21:01:31 Successfull attempt to execute serverCommand '#kick 100' by server.
21:01:31 Successfull attempt to execute serverCommand '#debug [RCON SYSTEM]: Sending Command: #kick 101' by server.
21:01:31 Successfull attempt to execute serverCommand '#kick 101' by server.
21:01:31 Successfull attempt to execute serverCommand '#debug [RCON SYSTEM]: Sending Command: #kick 102' by server.
21:01:31 Successfull attempt to execute serverCommand '#kick 102' by server.
21:01:31 Successfull attempt to execute serverCommand '#debug [RCON SYSTEM]: Sending Command: #kick 103' by server.
21:01:31 Successfull attempt to execute serverCommand '#kick 103' by server.
21:01:31 Successfull attempt to execute serverCommand '#debug [RCON SYSTEM]: Sending Command: #kick 104' by server.
21:01:31 Successfull attempt to execute serverCommand '#kick 104' by server.
21:01:31 Successfull attempt to execute serverCommand '#debug [RCON SYSTEM]: Sending Command: #kick 105' by server.
21:01:31 Successfull attempt to execute serverCommand '#kick 105' by server.
21:01:31 Successfull attempt to execute serverCommand '#debug [RCON SYSTEM]: Sending Command: #kick 106' by server.
21:01:31 Successfull attempt to execute serverCommand '#kick 106' by server.
21:01:31 Successfull attempt to execute serverCommand '#debug [RCON SYSTEM]: Sending Command: #kick 107' by server.
21:01:31 Successfull attempt to execute serverCommand '#kick 107' by server.
21:01:31 Successfull attempt to execute serverCommand '#debug [RCON SYSTEM]: Sending Command: #kick 108' by server.
21:01:31 Successfull attempt to execute serverCommand '#kick 108' by server.
21:01:31 Successfull attempt to execute serverCommand '#debug [RCON SYSTEM]: Sending Command: #kick 109' by server.
21:01:31 Successfull attempt to execute serverCommand '#kick 109' by server.
21:01:31 Successfull attempt to execute serverCommand '#debug [RCON SYSTEM]: Sending Command: #kick 110' by server.
21:01:31 Successfull attempt to execute serverCommand '#kick 110' by server.
21:01:31 Successfull attempt to execute serverCommand '#debug [RCON SYSTEM]: Sending Command: #kick 111' by server.
21:01:31 Successfull attempt to execute serverCommand '#kick 111' by server.
21:01:31 Successfull attempt to execute serverCommand '#debug [RCON SYSTEM]: Sending Command: #kick 112' by server.
21:01:31 Successfull attempt to execute serverCommand '#kick 112' by server.
21:01:31 Successfull attempt to execute serverCommand '#debug [RCON SYSTEM]: Sending Command: #kick 113' by server.
21:01:31 Successfull attempt to execute serverCommand '#kick 113' by server.
21:01:31 Successfull attempt to execute serverCommand '#debug [RCON SYSTEM]: Sending Command: #kick 114' by server.
21:01:31 Successfull attempt to execute serverCommand '#kick 114' by server.
21:01:31 Successfull attempt to execute serverCommand '#debug [RCON SYSTEM]: Sending Command: #kick 115' by server.
21:01:31 Successfull attempt to execute serverCommand '#kick 115' by server.
21:01:31 Successfull attempt to execute serverCommand '#debug [RCON SYSTEM]: Sending Command: #kick 116' by server.
21:01:31 Successfull attempt to execute serverCommand '#kick 116' by server.
21:01:31 Successfull attempt to execute serverCommand '#debug [RCON SYSTEM]: Sending Command: #kick 117' by server.
21:01:31 Successfull attempt to execute serverCommand '#kick 117' by server.
21:01:31 Successfull attempt to execute serverCommand '#debug [RCON SYSTEM]: Sending Command: #kick 118' by server.
21:01:31 Successfull attempt to execute serverCommand '#kick 118' by server.
21:01:31 Successfull attempt to execute serverCommand '#debug [RCON SYSTEM]: Sending Command: #kick 119' by server.
21:01:31 Successfull attempt to execute serverCommand '#kick 119' by server.
21:01:31 Successfull attempt to execute serverCommand '#debug [RCON SYSTEM]: Sending Command: #kick 120' by server.
21:01:31 Successfull attempt to execute serverCommand '#kick 120' by server.
21:01:31 Successfull attempt to execute serverCommand '#debug [RCON SYSTEM]: Sending Command: #kick 121' by server.
21:01:31 Successfull attempt to execute serverCommand '#kick 121' by server.
21:01:31 Successfull attempt to execute serverCommand '#debug [DATABASE SYSTEM]: ExtDB V1.031 Loaded' by server.
21:01:31 Successfull attempt to execute serverCommand '#debug [DATABASE SYSTEM]: Profile (altislife) Loaded' by server.
21:01:31 Successfull attempt to execute serverCommand '#debug [DATABASE SYSTEM]: SQLRaw Protocol Loaded' by server.
21:01:31 Successfull attempt to execute serverCommand '#debug [DATABASE SYSTEM]: Profile (altislife) Locked' by server.
21:01:31 Successfull attempt to execute serverCommand '#debug [DATABASE SYSTEM]: Database Connected Using Profile: (altislife)' by server.
21:01:31 Successfull attempt to execute serverCommand '#debug [DATABASE SYSTEM]: Waiting for headless client [76561198276956558] to connect' by server.
21:01:31 Successfull attempt to execute serverCommand '#debug [DATABASE SYSTEM]: Executing procedure (resetLifeVehicles)' by server.
21:01:31 Successfull attempt to execute serverCommand '#debug [DATABASE SYSTEM]: Executing procedure (deleteDeadVehicles)' by server.
21:01:31 Successfull attempt to execute serverCommand '#debug [DATABASE SYSTEM]: Executing procedure (deleteOldHouses)' by server.
21:01:31 Successfull attempt to execute serverCommand '#debug [DATABASE SYSTEM]: Executing procedure (deleteOldGangs)' by server.
21:01:31 Successfull attempt to execute serverCommand '#debug [RCON SYSTEM]: Events thread initializing' by server.
21:01:31 Successfull attempt to execute serverCommand '#debug [RCON SYSTEM]: Events thread paused: Waiting for server to load!' by server.
21:01:31 Successfull attempt to execute serverCommand '#debug [ANTIHACK SYSTEM]: Starting AntiHack!' by server.
21:01:31 Successfull attempt to execute serverCommand '#debug [ANTIHACK SYSTEM]: RCON Functions Enabled!' by server.
21:01:31 Successfull attempt to execute serverCommand '#debug [ANTIHACK SYSTEM]: `_rnd_ahvar` => `w16z5tp381`' by server.
21:01:31 Successfull attempt to execute serverCommand '#debug [ANTIHACK SYSTEM]: `_rnd_sysvar` => `w9pN16Ol2ZP`' by server.
21:01:31 Successfull attempt to execute serverCommand '#debug [ANTIHACK SYSTEM]: `_rnd_playersvar` => `s8hL0h66nt`' by server.
21:01:31 Successfull attempt to execute serverCommand '#debug [ANTIHACK SYSTEM]: `_rnd_useRcon` => `nJ73yy8Y48`' by server.
21:01:31 Successfull attempt to execute serverCommand '#debug [ANTIHACK SYSTEM]: `_rnd_admins` => `v4C9N0njs6`' by server.
21:01:31 Successfull attempt to execute serverCommand '#debug [ANTIHACK SYSTEM]: `_rnd_adminlvl` => `u2a8M2461GH`' by server.
21:01:31 Successfull attempt to execute serverCommand '#debug [ANTIHACK SYSTEM]: `_rnd_steamID` => `x33T6F37S2`' by server.
21:01:31 Successfull attempt to execute serverCommand '#debug [ANTIHACK SYSTEM]: `_rnd_netID` => `zHQ4010981`' by server.
21:01:31 Successfull attempt to execute serverCommand '#debug [ANTIHACK SYSTEM]: `_rnd_netVar` => `fK4Rc8fB127`' by server.
21:01:31 Successfull attempt to execute serverCommand '#debug [ANTIHACK SYSTEM]: `_rnd_threadone` => `c302uh36nb3`' by server.
21:01:31 Successfull attempt to execute serverCommand '#debug [ANTIHACK SYSTEM]: `_rnd_threadtwo` => `m225KK0708a4`' by server.
21:01:31 Successfull attempt to execute serverCommand '#debug [ANTIHACK SYSTEM]: `_rnd_threadtwo_one` => `l144gc4cs6`' by server.
21:01:31 Successfull attempt to execute serverCommand '#debug [ANTIHACK SYSTEM]: `_rnd_threadinterupt` => `c15yq7g9H0`' by server.
21:01:31 Successfull attempt to execute serverCommand '#debug [ANTIHACK SYSTEM]: `_rnd_threadtwo_two` => `lj5A234d5a2`' by server.
21:01:31 Successfull attempt to execute serverCommand '#debug [ANTIHACK SYSTEM]: `_rnd_threadthree_gvars` => `sqo2Az5L5i`' by server.
21:01:31 Successfull attempt to execute serverCommand '#debug [ANTIHACK SYSTEM]: `_rnd_threadthree_objvars` => `k1I5X9pR19b7`' by server.
21:01:31 Successfull attempt to execute serverCommand '#debug [ANTIHACK SYSTEM]: `_rnd_threadthree_pvars` => `d3R67341L5d`' by server.
21:01:31 Successfull attempt to execute serverCommand '#debug [ANTIHACK SYSTEM]: `_rnd_threadthree_uivars` => `x388lebve1`' by server.
21:01:31 Successfull attempt to execute serverCommand '#debug [ANTIHACK SYSTEM]: `_rnd_codeone` => `hK9857z6a3y4`' by server.
21:01:31 Successfull attempt to execute serverCommand '#debug [ANTIHACK SYSTEM]: `_rnd_codetwo` => `cTK194yR66`' by server.
21:01:31 Successfull attempt to execute serverCommand '#debug [ANTIHACK SYSTEM]: `_rnd_sendreq` => `alm3xLb893`' by server.
21:01:31 Successfull attempt to execute serverCommand '#debug [ANTIHACK SYSTEM]: `_rnd_kickme` => `aCn0J5OpX7`' by server.
21:01:31 Successfull attempt to execute serverCommand '#debug [ANTIHACK SYSTEM]: `_rnd_banme` => `k09dy624eHg8`' by server.
21:01:31 Successfull attempt to execute serverCommand '#debug [ANTIHACK SYSTEM]: `_rnd_runserver` => `z5H346cO0R`' by server.
21:01:31 Successfull attempt to execute serverCommand '#debug [ANTIHACK SYSTEM]: `_rnd_runglobal` => `fIe6NY99OX6`' by server.
21:01:31 Successfull attempt to execute serverCommand '#debug [ANTIHACK SYSTEM]: `_rnd_runtarget` => `m1v2DmW8Q1`' by server.
21:01:31 Successfull attempt to execute serverCommand '#debug [ANTIHACK SYSTEM]: `_rnd_ahserver_init` => `xpN8a4g0Jv`' by server.
21:01:31 Successfull attempt to execute serverCommand '#debug [ANTIHACK SYSTEM]: `_rnd_ahserver_endvar` => `n6vsE8E5Sq`' by server.
21:01:31 Successfull attempt to execute serverCommand '#debug [ANTIHACK SYSTEM]: System fully initialized!' by server.
21:01:32 Strange convex component322 in a3\structures_f\research\dome_big_f.p3d:geometryFire
21:01:32 Strange convex component327 in a3\structures_f\research\dome_big_f.p3d:geometryFire
21:01:32 Successfull attempt to execute serverCommand '#debug [ANTIHACK SYSTEM]: Compiling Antihack Thread' by server.
21:01:32 Successfull attempt to execute serverCommand '#debug [ANTIHACK SYSTEM]: Antihack Thread Compiled... compile took 0.000999451 seconds' by server.
21:01:32 "Administrator/BIS_fnc_log: [BIS_fnc_preload] ----- Scripts initialized at 3781 ms -----"
21:01:32 "----------------------------------------------------------------------------------------------------"
21:01:32 "                           [life backend took (1.01 seconds) to load]                                "
21:01:32 "----------------------------------------------------------------------------------------------------"
21:01:32 Successfull attempt to execute serverCommand '#debug [RCON SYSTEM]: Events thread resumed: System fully initialized!' by server.
21:01:32 Successfull attempt to execute serverCommand '#debug [RCON SYSTEM]: Lock Event: server will unlock soon!' by server.
21:02:32 Successfull attempt to execute serverCommand '#debug [RCON SYSTEM]: Sending Command: #unlock' by server.
21:02:32 Successfull attempt to execute serverCommand '#unlock' by server.
21:02:32 Successfull attempt to execute serverCommand '#debug [RCON SYSTEM]: Lock Event: server unlocked and accepting players!' by server.
21:02:37 BEServer: registering a new player #207751778
21:02:53 "[Player Login]: `Nikko` - (aa5f0cad25d8668cf430a41dfc52b986) - (76561199109931625)"
21:04:32 Successfull attempt to execute serverCommand '#debug [RCON SYSTEM]: Events heartbeat#1, Thread Still Active - RCON UPTIME: (0h 3min) Next Shutdown In: 3h 57min' by server.
21:06:45 Successfull attempt to execute serverCommand '#debug [ANTIHACK SYSTEM]: Nikko WeaponSway Changed! 0.2 Should Be  1 | No Sway Cheat' by server.
21:06:45 Successfull attempt to execute serverCommand '#debug [RCON SYSTEM]: Sending Command: #beserver addban aa5f0cad25d8668cf430a41dfc52b986 0 Nikko WeaponSway Changed! 0.2 Should Be  1 | No Sway Cheat' by server.
21:06:45 Successfull attempt to execute serverCommand '#beserver addban aa5f0cad25d8668cf430a41dfc52b986 0 Nikko WeaponSway Changed! 0.2 Should Be  1 | No Sway Cheat' by server.
21:06:45 Successfull attempt to execute serverCommand '#debug [RCON SYSTEM]: Sending Command: #beserver writeBans' by server.
21:06:45 Successfull attempt to execute serverCommand '#beserver writeBans' by server.
21:06:45 Successfull attempt to execute serverCommand '#debug [RCON SYSTEM]: Sending Command: #kick 4' by server.
21:06:45 Successfull attempt to execute serverCommand '#kick 4' by server.
21:06:45 "[Player Logout]: `Nikko` - (aa5f0cad25d8668cf430a41dfc52b986) - (76561199109931625) "
21:06:45 Client: Remote object 4:0 not found
21:06:45 "Administrator/BIS_fnc_log: HandleDisconnect : civ_1"
21:07:02 BEServer: registering a new player #473296455
21:07:32 Successfull attempt to execute serverCommand '#debug [RCON SYSTEM]: Events heartbeat#2, Thread Still Active - RCON UPTIME: (0h 6min) Next Shutdown In: 3h 54min' by server.
21:10:32 Successfull attempt to execute serverCommand '#debug [RCON SYSTEM]: Events heartbeat#3, Thread Still Active - RCON UPTIME: (0h 9min) Next Shutdown In: 3h 51min' by server.
21:13:32 Successfull attempt to execute serverCommand '#debug [RCON SYSTEM]: Events heartbeat#4, Thread Still Active - RCON UPTIME: (0h 12min) Next Shutdown In: 3h 48min' by server.
21:15:49 BEServer: registering a new player #1000454932
21:16:06 Deinitialized shape [Class: "C_Soldier_VR_F"; Shape: "a3\characters_f_bootcamp\common\vr_soldier_f.p3d";]
21:16:06 Deinitialized shape [Class: "Underwear_F"; Shape: "a3\characters_f\common\basicbody.p3d";]
21:16:06 Deinitialized shape [Class: "C_journalist_F"; Shape: "a3\characters_f_epc\civil\c_journalist.p3d";]
21:16:06 Deinitialized shape [Class: "B_diver_F"; Shape: "a3\characters_f\common\diver_slotable.p3d";]
21:16:06 Deinitialized shape [Class: "O_Soldier_F"; Shape: "a3\characters_f\opfor\o_soldier_01.p3d";]
21:16:06 Deinitialized shape [Class: "B_RangeMaster_F"; Shape: "a3\characters_f\civil\c_poloshirtpants.p3d";]
21:16:06 Deinitialized shape [Class: "C_Nikos_aged"; Shape: "a3\characters_f_epc\civil\c_nikos_aged.p3d";]
21:16:06 Deinitialized shape [Class: "C_man_p_beggar_F_afro"; Shape: "a3\characters_f\civil\c_poor.p3d";]
21:16:06 Deinitialized shape [Class: "C_man_p_beggar_F"; Shape: "a3\characters_f\civil\c_poor.p3d";]
21:16:06 Deinitialized shape [Class: "C_man_p_fugitive_F_asia"; Shape: "a3\characters_f\civil\c_poor.p3d";]
21:16:06 Deinitialized shape [Class: "C_man_p_fugitive_F"; Shape: "a3\characters_f\civil\c_poor.p3d";]
21:16:06 Deinitialized shape [Class: "C_man_w_worker_F"; Shape: "a3\characters_f\common\coveralls.p3d";]
21:16:06 Deinitialized shape [Class: "C_man_hunter_1_F"; Shape: "a3\characters_f\civil\c_hunter_f.p3d";]
21:16:06 Deinitialized shape [Class: "C_man_1"; Shape: "a3\characters_f\civil\c_poloshirt.p3d";]
21:16:06 Deinitialized shape [Class: "C_man_polo_3_F"; Shape: "a3\characters_f\civil\c_poloshirt.p3d";]
21:16:06 Deinitialized shape [Class: "C_man_polo_6_F"; Shape: "a3\characters_f\civil\c_poloshirt.p3d";]
21:16:06 Deinitialized shape [Class: "C_man_p_shorts_1_F_afro"; Shape: "a3\characters_f\civil\c_poloshirt.p3d";]
21:16:06 Deinitialized shape [Class: "C_man_p_shorts_1_F"; Shape: "a3\characters_f\civil\c_poloshirt.p3d";]
21:16:06 Deinitialized shape [Class: "C_man_shorts_3_F_euro"; Shape: "a3\characters_f\civil\c_poloshirt.p3d";]
21:16:06 Deinitialized shape [Class: "C_man_shorts_3_F"; Shape: "a3\characters_f\civil\c_poloshirt.p3d";]
21:16:06 Deinitialized shape [Class: "C_man_polo_1_F"; Shape: "a3\characters_f\civil\c_poloshirt.p3d";]
21:16:06 Deinitialized shape [Class: "C_man_polo_5_F"; Shape: "a3\characters_f\civil\c_poloshirt.p3d";]
21:16:06 Deinitialized shape [Class: "C_man_polo_2_F"; Shape: "a3\characters_f\civil\c_poloshirt.p3d";]
21:16:06 Deinitialized shape [Class: "C_man_polo_4_F"; Shape: "a3\characters_f\civil\c_poloshirt.p3d";]
21:16:06 c:\bis\source\stable\futura\lib\network\networkserver.cpp ClearNetServer:NOT IMPLEMENTED - briefing!
21:16:07 Extensions:
21:16:07   extDB3 (E:\ExtremoServer\@server\extDB3_x64.dll) []

21:16:07   BEGuid (E:\ExtremoServer\@server\BEGuid_x64.dll) [] []

